This is pdfTeX, Version 3.141592653-2.6-1.40.25 (TeX Live 2023) (preloaded format=pdflatex 2024.2.27)  2 MAY 2024 00:12
entering extended mode
 restricted \write18 enabled.
 file:line:error style messages enabled.
 %&-line parsing enabled.
**"/Users/gavinengelstad/Documents/Documents - Gavin’s MacBook Pro/School/Spring '24/Network Science/final_project/NetSciBaltimoreBridge/paper/gavin_netsci"
(/Users/gavinengelstad/Documents/Documents - Gavin’s MacBook Pro/School/Spring '24/Network Science/final_project/NetSciBaltimoreBridge/paper/gavin_netsci.tex
LaTeX2e <2022-11-01> patch level 1
L3 programming layer <2023-02-22> (/usr/local/texlive/2023/texmf-dist/tex/latex/base/article.cls
Document Class: article 2022/07/02 v1.4n Standard LaTeX document class
(/usr/local/texlive/2023/texmf-dist/tex/latex/base/size11.clo
File: size11.clo 2022/07/02 v1.4n Standard LaTeX file (size option)
)
\c@part=\count185
\c@section=\count186
\c@subsection=\count187
\c@subsubsection=\count188
\c@paragraph=\count189
\c@subparagraph=\count190
\c@figure=\count191
\c@table=\count192
\abovecaptionskip=\skip48
\belowcaptionskip=\skip49
\bibindent=\dimen140
) (/usr/local/texlive/2023/texmf-dist/tex/latex/amsmath/amsmath.sty
Package: amsmath 2022/04/08 v2.17n AMS math features
\@mathmargin=\skip50

For additional information on amsmath, use the `?' option.
(/usr/local/texlive/2023/texmf-dist/tex/latex/amsmath/amstext.sty
Package: amstext 2021/08/26 v2.01 AMS text
 (/usr/local/texlive/2023/texmf-dist/tex/latex/amsmath/amsgen.sty
File: amsgen.sty 1999/11/30 v2.0 generic functions
\@emptytoks=\toks16
\ex@=\dimen141
)) (/usr/local/texlive/2023/texmf-dist/tex/latex/amsmath/amsbsy.sty
Package: amsbsy 1999/11/29 v1.2d Bold Symbols
\pmbraise@=\dimen142
) (/usr/local/texlive/2023/texmf-dist/tex/latex/amsmath/amsopn.sty
Package: amsopn 2022/04/08 v2.04 operator names
)
\inf@bad=\count193
LaTeX Info: Redefining \frac on input line 234.
\uproot@=\count194
\leftroot@=\count195
LaTeX Info: Redefining \overline on input line 399.
LaTeX Info: Redefining \colon on input line 410.
\classnum@=\count196
\DOTSCASE@=\count197
LaTeX Info: Redefining \ldots on input line 496.
LaTeX Info: Redefining \dots on input line 499.
LaTeX Info: Redefining \cdots on input line 620.
\Mathstrutbox@=\box51
\strutbox@=\box52
LaTeX Info: Redefining \big on input line 722.
LaTeX Info: Redefining \Big on input line 723.
LaTeX Info: Redefining \bigg on input line 724.
LaTeX Info: Redefining \Bigg on input line 725.
\big@size=\dimen143
LaTeX Font Info:    Redeclaring font encoding OML on input line 743.
LaTeX Font Info:    Redeclaring font encoding OMS on input line 744.
\macc@depth=\count198
LaTeX Info: Redefining \bmod on input line 905.
LaTeX Info: Redefining \pmod on input line 910.
LaTeX Info: Redefining \smash on input line 940.
LaTeX Info: Redefining \relbar on input line 970.
LaTeX Info: Redefining \Relbar on input line 971.
\c@MaxMatrixCols=\count199
\dotsspace@=\muskip16
\c@parentequation=\count266
\dspbrk@lvl=\count267
\tag@help=\toks17
\row@=\count268
\column@=\count269
\maxfields@=\count270
\andhelp@=\toks18
\eqnshift@=\dimen144
\alignsep@=\dimen145
\tagshift@=\dimen146
\tagwidth@=\dimen147
\totwidth@=\dimen148
\lineht@=\dimen149
\@envbody=\toks19
\multlinegap=\skip51
\multlinetaggap=\skip52
\mathdisplay@stack=\toks20
LaTeX Info: Redefining \[ on input line 2953.
LaTeX Info: Redefining \] on input line 2954.
) (/usr/local/texlive/2023/texmf-dist/tex/latex/amscls/amsthm.sty
Package: amsthm 2020/05/29 v2.20.6
\thm@style=\toks21
\thm@bodyfont=\toks22
\thm@headfont=\toks23
\thm@notefont=\toks24
\thm@headpunct=\toks25
\thm@preskip=\skip53
\thm@postskip=\skip54
\thm@headsep=\skip55
\dth@everypar=\toks26
) (/usr/local/texlive/2023/texmf-dist/tex/latex/amsfonts/amsfonts.sty
Package: amsfonts 2013/01/14 v3.01 Basic AMSFonts support
\symAMSa=\mathgroup4
\symAMSb=\mathgroup5
LaTeX Font Info:    Redeclaring math symbol \hbar on input line 98.
LaTeX Font Info:    Overwriting math alphabet `\mathfrak' in version `bold'
(Font)                  U/euf/m/n --> U/euf/b/n on input line 106.
) (/usr/local/texlive/2023/texmf-dist/tex/latex/amsfonts/amssymb.sty
Package: amssymb 2013/01/14 v3.01 AMS font symbols
) (/usr/local/texlive/2023/texmf-dist/tex/latex/hyperref/hyperref.sty
Package: hyperref 2023-02-07 v7.00v Hypertext links for LaTeX
 (/usr/local/texlive/2023/texmf-dist/tex/generic/ltxcmds/ltxcmds.sty
Package: ltxcmds 2020-05-10 v1.25 LaTeX kernel commands for general use (HO)
) (/usr/local/texlive/2023/texmf-dist/tex/generic/iftex/iftex.sty
Package: iftex 2022/02/03 v1.0f TeX engine tests
) (/usr/local/texlive/2023/texmf-dist/tex/generic/pdftexcmds/pdftexcmds.sty
Package: pdftexcmds 2020-06-27 v0.33 Utility functions of pdfTeX for LuaTeX (HO)
 (/usr/local/texlive/2023/texmf-dist/tex/generic/infwarerr/infwarerr.sty
Package: infwarerr 2019/12/03 v1.5 Providing info/warning/error messages (HO)
)
Package pdftexcmds Info: \pdf@primitive is available.
Package pdftexcmds Info: \pdf@ifprimitive is available.
Package pdftexcmds Info: \pdfdraftmode found.
) (/usr/local/texlive/2023/texmf-dist/tex/latex/graphics/keyval.sty
Package: keyval 2022/05/29 v1.15 key=value parser (DPC)
\KV@toks@=\toks27
) (/usr/local/texlive/2023/texmf-dist/tex/latex/kvsetkeys/kvsetkeys.sty
Package: kvsetkeys 2022-10-05 v1.19 Key value parser (HO)
) (/usr/local/texlive/2023/texmf-dist/tex/generic/kvdefinekeys/kvdefinekeys.sty
Package: kvdefinekeys 2019-12-19 v1.6 Define keys (HO)
) (/usr/local/texlive/2023/texmf-dist/tex/generic/pdfescape/pdfescape.sty
Package: pdfescape 2019/12/09 v1.15 Implements pdfTeX's escape features (HO)
) (/usr/local/texlive/2023/texmf-dist/tex/latex/hycolor/hycolor.sty
Package: hycolor 2020-01-27 v1.10 Color options for hyperref/bookmark (HO)
) (/usr/local/texlive/2023/texmf-dist/tex/latex/letltxmacro/letltxmacro.sty
Package: letltxmacro 2019/12/03 v1.6 Let assignment for LaTeX macros (HO)
) (/usr/local/texlive/2023/texmf-dist/tex/latex/auxhook/auxhook.sty
Package: auxhook 2019-12-17 v1.6 Hooks for auxiliary files (HO)
) (/usr/local/texlive/2023/texmf-dist/tex/latex/hyperref/nameref.sty
Package: nameref 2022-05-17 v2.50 Cross-referencing by name of section
 (/usr/local/texlive/2023/texmf-dist/tex/latex/refcount/refcount.sty
Package: refcount 2019/12/15 v3.6 Data extraction from label references (HO)
) (/usr/local/texlive/2023/texmf-dist/tex/generic/gettitlestring/gettitlestring.sty
Package: gettitlestring 2019/12/15 v1.6 Cleanup title references (HO)
 (/usr/local/texlive/2023/texmf-dist/tex/latex/kvoptions/kvoptions.sty
Package: kvoptions 2022-06-15 v3.15 Key value format for package options (HO)
))
\c@section@level=\count271
)
\@linkdim=\dimen150
\Hy@linkcounter=\count272
\Hy@pagecounter=\count273
 (/usr/local/texlive/2023/texmf-dist/tex/latex/hyperref/pd1enc.def
File: pd1enc.def 2023-02-07 v7.00v Hyperref: PDFDocEncoding definition (HO)
Now handling font encoding PD1 ...
... no UTF-8 mapping file for font encoding PD1
) (/usr/local/texlive/2023/texmf-dist/tex/generic/intcalc/intcalc.sty
Package: intcalc 2019/12/15 v1.3 Expandable calculations with integers (HO)
) (/usr/local/texlive/2023/texmf-dist/tex/generic/etexcmds/etexcmds.sty
Package: etexcmds 2019/12/15 v1.7 Avoid name clashes with e-TeX commands (HO)
)
\Hy@SavedSpaceFactor=\count274
 (/usr/local/texlive/2023/texmf-dist/tex/latex/hyperref/puenc.def
File: puenc.def 2023-02-07 v7.00v Hyperref: PDF Unicode definition (HO)
Now handling font encoding PU ...
... no UTF-8 mapping file for font encoding PU
)
Package hyperref Info: Hyper figures OFF on input line 4177.
Package hyperref Info: Link nesting OFF on input line 4182.
Package hyperref Info: Hyper index ON on input line 4185.
Package hyperref Info: Plain pages OFF on input line 4192.
Package hyperref Info: Backreferencing OFF on input line 4197.
Package hyperref Info: Implicit mode ON; LaTeX internals redefined.
Package hyperref Info: Bookmarks ON on input line 4425.
\c@Hy@tempcnt=\count275
 (/usr/local/texlive/2023/texmf-dist/tex/latex/url/url.sty
\Urlmuskip=\muskip17
Package: url 2013/09/16  ver 3.4  Verb mode for urls, etc.
)
LaTeX Info: Redefining \url on input line 4763.
\XeTeXLinkMargin=\dimen151
 (/usr/local/texlive/2023/texmf-dist/tex/generic/bitset/bitset.sty
Package: bitset 2019/12/09 v1.3 Handle bit-vector datatype (HO)
 (/usr/local/texlive/2023/texmf-dist/tex/generic/bigintcalc/bigintcalc.sty
Package: bigintcalc 2019/12/15 v1.5 Expandable calculations on big integers (HO)
))
\Fld@menulength=\count276
\Field@Width=\dimen152
\Fld@charsize=\dimen153
Package hyperref Info: Hyper figures OFF on input line 6042.
Package hyperref Info: Link nesting OFF on input line 6047.
Package hyperref Info: Hyper index ON on input line 6050.
Package hyperref Info: backreferencing OFF on input line 6057.
Package hyperref Info: Link coloring OFF on input line 6062.
Package hyperref Info: Link coloring with OCG OFF on input line 6067.
Package hyperref Info: PDF/A mode OFF on input line 6072.
 (/usr/local/texlive/2023/texmf-dist/tex/latex/base/atbegshi-ltx.sty
Package: atbegshi-ltx 2021/01/10 v1.0c Emulation of the original atbegshi
package with kernel methods
)
\Hy@abspage=\count277
\c@Item=\count278
\c@Hfootnote=\count279
)
Package hyperref Info: Driver (autodetected): hpdftex.
 (/usr/local/texlive/2023/texmf-dist/tex/latex/hyperref/hpdftex.def
File: hpdftex.def 2023-02-07 v7.00v Hyperref driver for pdfTeX
 (/usr/local/texlive/2023/texmf-dist/tex/latex/base/atveryend-ltx.sty
Package: atveryend-ltx 2020/08/19 v1.0a Emulation of the original atveryend package
with kernel methods
)
\Fld@listcount=\count280
\c@bookmark@seq@number=\count281
 (/usr/local/texlive/2023/texmf-dist/tex/latex/rerunfilecheck/rerunfilecheck.sty
Package: rerunfilecheck 2022-07-10 v1.10 Rerun checks for auxiliary files (HO)
 (/usr/local/texlive/2023/texmf-dist/tex/generic/uniquecounter/uniquecounter.sty
Package: uniquecounter 2019/12/15 v1.4 Provide unlimited unique counter (HO)
)
Package uniquecounter Info: New unique counter `rerunfilecheck' on input line 285.
)
\Hy@SectionHShift=\skip56
) (/usr/local/texlive/2023/texmf-dist/tex/generic/soul/soul.sty
Package: soul 2023-02-18 v3.0 Permit use of UTF-8 characters in soul (HO)
 (/usr/local/texlive/2023/texmf-dist/tex/generic/soul/soul-ori.sty
Package: soul-ori 2023-02-18 v3.0 letterspacing/underlining (mf)
\SOUL@word=\toks28
\SOUL@lasttoken=\toks29
\SOUL@syllable=\toks30
\SOUL@cmds=\toks31
\SOUL@buffer=\toks32
\SOUL@token=\toks33
\SOUL@syllgoal=\dimen154
\SOUL@syllwidth=\dimen155
\SOUL@charkern=\dimen156
\SOUL@hyphkern=\dimen157
\SOUL@dimen=\dimen158
\SOUL@dimeni=\dimen159
\SOUL@minus=\count282
\SOUL@comma=\count283
\SOUL@apo=\count284
\SOUL@grave=\count285
\SOUL@spaceskip=\skip57
\SOUL@ttwidth=\dimen160
\SOUL@uldp=\dimen161
\SOUL@ulht=\dimen162
)) (/usr/local/texlive/2023/texmf-dist/tex/latex/base/latexsym.sty
Package: latexsym 1998/08/17 v2.2e Standard LaTeX package (lasy symbols)
\symlasy=\mathgroup6
LaTeX Font Info:    Overwriting symbol font `lasy' in version `bold'
(Font)                  U/lasy/m/n --> U/lasy/b/n on input line 52.
) (/usr/local/texlive/2023/texmf-dist/tex/latex/stmaryrd/stmaryrd.sty
Package: stmaryrd 1994/03/03 St Mary's Road symbol package
\symstmry=\mathgroup7
LaTeX Font Info:    Overwriting symbol font `stmry' in version `bold'
(Font)                  U/stmry/m/n --> U/stmry/b/n on input line 89.
) (/usr/local/texlive/2023/texmf-dist/tex/latex/booktabs/booktabs.sty
Package: booktabs 2020/01/12 v1.61803398 Publication quality tables
\heavyrulewidth=\dimen163
\lightrulewidth=\dimen164
\cmidrulewidth=\dimen165
\belowrulesep=\dimen166
\belowbottomsep=\dimen167
\aboverulesep=\dimen168
\abovetopsep=\dimen169
\cmidrulesep=\dimen170
\cmidrulekern=\dimen171
\defaultaddspace=\dimen172
\@cmidla=\count286
\@cmidlb=\count287
\@aboverulesep=\dimen173
\@belowrulesep=\dimen174
\@thisruleclass=\count288
\@lastruleclass=\count289
\@thisrulewidth=\dimen175
) (/usr/local/texlive/2023/texmf-dist/tex/latex/enumitem/enumitem.sty
Package: enumitem 2019/06/20 v3.9 Customized lists
\labelindent=\skip58
\enit@outerparindent=\dimen176
\enit@toks=\toks34
\enit@inbox=\box53
\enit@count@id=\count290
\enitdp@description=\count291
) (/usr/local/texlive/2023/texmf-dist/tex/latex/ytableau/ytableau.sty
Package: ytableau 2021/06/12 v1.4 Many-featured Young tableaux and Young diagrams
\tableaux@YT=\box54
\thistableau@YT=\box55
\refhtdp@YT=\box56
\toks@YT=\toks35
\opttoksa@YT=\toks36
\opttoksb@YT=\toks37
\boxdim@YT=\dimen177
\tableauwd@YT=\dimen178
\count@YT=\count292
 (/usr/local/texlive/2023/texmf-dist/tex/latex/pgf/utilities/pgfkeys.sty (/usr/local/texlive/2023/texmf-dist/tex/generic/pgf/utilities/pgfkeys.code.tex
\pgfkeys@pathtoks=\toks38
\pgfkeys@temptoks=\toks39
 (/usr/local/texlive/2023/texmf-dist/tex/generic/pgf/utilities/pgfkeyslibraryfiltered.code.tex
\pgfkeys@tmptoks=\toks40
))) (/usr/local/texlive/2023/texmf-dist/tex/latex/pgfopts/pgfopts.sty
Package: pgfopts 2014/07/10 v2.1a LaTeX package options with pgfkeys
\pgfopts@list@add@a@toks=\toks41
\pgfopts@list@add@b@toks=\toks42
) (/usr/local/texlive/2023/texmf-dist/tex/latex/xcolor/xcolor.sty
Package: xcolor 2022/06/12 v2.14 LaTeX color extensions (UK)
 (/usr/local/texlive/2023/texmf-dist/tex/latex/graphics-cfg/color.cfg
File: color.cfg 2016/01/02 v1.6 sample color configuration
)
Package xcolor Info: Driver file: pdftex.def on input line 227.
 (/usr/local/texlive/2023/texmf-dist/tex/latex/graphics-def/pdftex.def
File: pdftex.def 2022/09/22 v1.2b Graphics/color driver for pdftex
) (/usr/local/texlive/2023/texmf-dist/tex/latex/graphics/mathcolor.ltx)
Package xcolor Info: Model `cmy' substituted by `cmy0' on input line 1353.
Package xcolor Info: Model `hsb' substituted by `rgb' on input line 1357.
Package xcolor Info: Model `RGB' extended on input line 1369.
Package xcolor Info: Model `HTML' substituted by `rgb' on input line 1371.
Package xcolor Info: Model `Hsb' substituted by `hsb' on input line 1372.
Package xcolor Info: Model `tHsb' substituted by `hsb' on input line 1373.
Package xcolor Info: Model `HSB' substituted by `hsb' on input line 1374.
Package xcolor Info: Model `Gray' substituted by `gray' on input line 1375.
Package xcolor Info: Model `wave' substituted by `hsb' on input line 1376.
)) (/usr/local/texlive/2023/texmf-dist/tex/latex/comment/comment.sty
\CommentStream=\write3
 Excluding comment 'comment') (/usr/local/texlive/2023/texmf-dist/tex/latex/graphics/graphicx.sty
Package: graphicx 2021/09/16 v1.2d Enhanced LaTeX Graphics (DPC,SPQR)
 (/usr/local/texlive/2023/texmf-dist/tex/latex/graphics/graphics.sty
Package: graphics 2022/03/10 v1.4e Standard LaTeX Graphics (DPC,SPQR)
 (/usr/local/texlive/2023/texmf-dist/tex/latex/graphics/trig.sty
Package: trig 2021/08/11 v1.11 sin cos tan (DPC)
) (/usr/local/texlive/2023/texmf-dist/tex/latex/graphics-cfg/graphics.cfg
File: graphics.cfg 2016/06/04 v1.11 sample graphics configuration
)
Package graphics Info: Driver file: pdftex.def on input line 107.
)
\Gin@req@height=\dimen179
\Gin@req@width=\dimen180
) (/usr/local/texlive/2023/texmf-dist/tex/latex/makecell/makecell.sty
Package: makecell 2009/08/03 V0.1e Managing of Tab Column Heads and Cells
 (/usr/local/texlive/2023/texmf-dist/tex/latex/tools/array.sty
Package: array 2022/09/04 v2.5g Tabular extension package (FMi)
\col@sep=\dimen181
\ar@mcellbox=\box57
\extrarowheight=\dimen182
\NC@list=\toks43
\extratabsurround=\skip59
\backup@length=\skip60
\ar@cellbox=\box58
)
\rotheadsize=\dimen183
\c@nlinenum=\count293
\TeXr@lab=\toks44
) (/usr/local/texlive/2023/texmf-dist/tex/latex/appendix/appendix.sty
Package: appendix 2020/02/08 v1.2c extra appendix facilities
\c@@pps=\count294
\c@@ppsavesec=\count295
\c@@ppsaveapp=\count296
) (/usr/local/texlive/2023/texmf-dist/tex/latex/titling/titling.sty
Package: titling 2009/09/04 v2.1d maketitle typesetting
\thanksmarkwidth=\skip61
\thanksmargin=\skip62
\droptitle=\skip63
) (/usr/local/texlive/2023/texmf-dist/tex/latex/koma-script/scrextend.sty
Package: scrextend 2022/10/12 v3.38 KOMA-Script package (extend other classes with features of KOMA-Script classes)
 (/usr/local/texlive/2023/texmf-dist/tex/latex/koma-script/scrkbase.sty
Package: scrkbase 2022/10/12 v3.38 KOMA-Script package (KOMA-Script-dependent basics and keyval usage)
 (/usr/local/texlive/2023/texmf-dist/tex/latex/koma-script/scrbase.sty
Package: scrbase 2022/10/12 v3.38 KOMA-Script package (KOMA-Script-independent basics and keyval usage)
 (/usr/local/texlive/2023/texmf-dist/tex/latex/koma-script/scrlfile.sty
Package: scrlfile 2022/10/12 v3.38 KOMA-Script package (file load hooks)
 (/usr/local/texlive/2023/texmf-dist/tex/latex/koma-script/scrlfile-hook.sty
Package: scrlfile-hook 2022/10/12 v3.38 KOMA-Script package (using LaTeX hooks)
 (/usr/local/texlive/2023/texmf-dist/tex/latex/koma-script/scrlogo.sty
Package: scrlogo 2022/10/12 v3.38 KOMA-Script package (logo)
)))
Applying: [2021/05/01] Usage of raw or classic option list on input line 252.
Already applied: [0000/00/00] Usage of raw or classic option list on input line 368.
))

LaTeX Warning: Command \@footnotemark  has changed.
               Check if current package is valid.

) (/usr/local/texlive/2023/texmf-dist/tex/latex/float/float.sty
Package: float 2001/11/08 v1.3d Float enhancements (AL)
\c@float@type=\count297
\float@exts=\toks45
\float@box=\box59
\@float@everytoks=\toks46
\@floatcapt=\box60
) (/usr/local/texlive/2023/texmf-dist/tex/latex/caption/subcaption.sty
Package: subcaption 2023/02/19 v1.6 Sub-captions (AR)
 (/usr/local/texlive/2023/texmf-dist/tex/latex/caption/caption.sty
Package: caption 2023/03/12 v3.6j Customizing captions (AR)
 (/usr/local/texlive/2023/texmf-dist/tex/latex/caption/caption3.sty
Package: caption3 2023/03/12 v2.4 caption3 kernel (AR)
\caption@tempdima=\dimen184
\captionmargin=\dimen185
\caption@leftmargin=\dimen186
\caption@rightmargin=\dimen187
\caption@width=\dimen188
\caption@indent=\dimen189
\caption@parindent=\dimen190
\caption@hangindent=\dimen191
Package caption Info: Standard document class detected.
)
\c@caption@flags=\count298
\c@continuedfloat=\count299
Package caption Info: float package is loaded.
Package caption Info: hyperref package is loaded.
Package caption Info: scrextend package is loaded.
\caption@addmargin@hsize=\dimen192
\caption@addmargin@linewidth=\dimen193
)
Package caption Info: New subtype `subfigure' on input line 239.
\c@subfigure=\count300
Package caption Info: New subtype `subtable' on input line 239.
\c@subtable=\count301
) (/usr/local/texlive/2023/texmf-dist/tex/latex/multirow/multirow.sty
Package: multirow 2021/03/15 v2.8 Span multiple rows of a table
\multirow@colwidth=\skip64
\multirow@cntb=\count302
\multirow@dima=\skip65
\bigstrutjot=\dimen194
) (/usr/local/texlive/2023/texmf-dist/tex/latex/placeins/placeins.sty
Package: placeins 2005/04/18  v 2.2
) (/usr/local/texlive/2023/texmf-dist/tex/latex/tabularray/tabularray.sty (/usr/local/texlive/2023/texmf-dist/tex/latex/l3kernel/expl3.sty
Package: expl3 2023-02-22 L3 programming layer (loader) 
 (/usr/local/texlive/2023/texmf-dist/tex/latex/l3backend/l3backend-pdftex.def
File: l3backend-pdftex.def 2023-01-16 L3 backend support: PDF output (pdfTeX)
\l__color_backend_stack_int=\count303
\l__pdf_internal_box=\box61
))
Package: tabularray 2023-03-01 v2023A Typeset tabulars and arrays with LaTeX3
\l__tblr_a_int=\count304
\l__tblr_c_int=\count305
\l__tblr_r_int=\count306
\l__tblr_d_dim=\dimen195
\l__tblr_h_dim=\dimen196
\l__tblr_o_dim=\dimen197
\l__tblr_p_dim=\dimen198
\l__tblr_q_dim=\dimen199
\l__tblr_r_dim=\dimen256
\l__tblr_s_dim=\dimen257
\l__tblr_t_dim=\dimen258
\l__tblr_v_dim=\dimen259
\l__tblr_w_dim=\dimen260
\l__tblr_a_box=\box62
\l__tblr_b_box=\box63
\l__tblr_c_box=\box64
\l__tblr_d_box=\box65
\g__tblr_table_count_int=\count307
\c@rownum=\count308
\c@colnum=\count309
\c@rowcount=\count310
\c@colcount=\count311
\abovesep=\dimen261
\belowsep=\dimen262
\leftsep=\dimen263
\rightsep=\dimen264
\g_tblr_level_int=\count312
\g__tblr_data_row_key_count_int=\count313
\g__tblr_data_column_key_count_int=\count314
\g__tblr_data_cell_key_count_int=\count315
\g__tblr_array_int=\count316
\l__tblr_key_count_int=\count317
\l__tblr_key_quotient_int=\count318
\l__tblr_key_quotient_two_int=\count319
\l__tblr_key_remainder_int=\count320
\g__tblr_data_str_value_count_int=\count321
\rulewidth=\dimen265
\l__tblr_strut_dp_dim=\dimen266
\l__tblr_strut_ht_dim=\dimen267
\g__tblr_cell_wd_dim=\dimen268
\g__tblr_cell_ht_dim=\dimen269
\g__tblr_cell_head_dim=\dimen270
\g__tblr_cell_foot_dim=\dimen271
\l__column_target_dim=\dimen272
\l__tblr_caption_box=\box66
\l__tblr_caption_left_box=\box67
\l__tblr_row_head_box=\box68
\l__tblr_row_foot_box=\box69
\l__tblr_row_head_foot_dim=\dimen273
\tablewidth=\dimen274
\l__tblr_table_firsthead_box=\box70
\l__tblr_table_middlehead_box=\box71
\l__tblr_table_lasthead_box=\box72
\l__tblr_table_firstfoot_box=\box73
\l__tblr_table_middlefoot_box=\box74
\l__tblr_table_lastfoot_box=\box75
\l__tblr_remain_height_dim=\dimen275
\l__tblr_long_from_int=\count322
\l__tblr_long_to_int=\count323
\l__tblr_curr_i_int=\count324
\l__tblr_prev_i_int=\count325
\l__tblr_table_page_int=\count326
\l__tblr_table_head_box=\box76
\l__tblr_table_foot_box=\box77
\l__tblr_table_head_foot_dim=\dimen276
\l__tblr_table_head_body_foot_dim=\dimen277
\l__tblr_table_box=\box78
\l__tblr_table_hlines_box=\box79
\l__tblr_hline_box=\box80
\l__tblr_row_box=\box81
\l__tblr_col_o_wd_dim=\dimen278
\l__tblr_col_b_wd_dim=\dimen279
\l__tblr_hline_leftskip_dim=\dimen280
\l__tblr_hline_rightskip_dim=\dimen281
\l__tblr_row_ht_dim=\dimen282
\l__tblr_row_dp_dim=\dimen283
\l__tblr_row_abovesep_dim=\dimen284
\l__tblr_row_belowsep_dim=\dimen285
\l__tblr_row_vlines_box=\box82
\l__tblr_vline_box=\box83
\l__tblr_cell_box=\box84
\l__row_upper_dim=\dimen286
\l__row_lower_dim=\dimen287
\l__row_vpace_dim=\dimen288
\l__tblr_vline_aboveskip_dim=\dimen289
\l__tblr_vline_belowskip_dim=\dimen290
\l__tblr_cell_wd_dim=\dimen291
\l__tblr_cell_ht_dim=\dimen292
\l__tblr_diag_box=\box85
) (/usr/local/texlive/2023/texmf-dist/tex/latex/pgf/frontendlayer/tikz.sty (/usr/local/texlive/2023/texmf-dist/tex/latex/pgf/basiclayer/pgf.sty (/usr/local/texlive/2023/texmf-dist/tex/latex/pgf/utilities/pgfrcs.sty (/usr/local/texlive/2023/texmf-dist/tex/generic/pgf/utilities/pgfutil-common.tex
\pgfutil@everybye=\toks47
\pgfutil@tempdima=\dimen293
\pgfutil@tempdimb=\dimen294
) (/usr/local/texlive/2023/texmf-dist/tex/generic/pgf/utilities/pgfutil-latex.def
\pgfutil@abb=\box86
) (/usr/local/texlive/2023/texmf-dist/tex/generic/pgf/utilities/pgfrcs.code.tex (/usr/local/texlive/2023/texmf-dist/tex/generic/pgf/pgf.revision.tex)
Package: pgfrcs 2023-01-15 v3.1.10 (3.1.10)
))
Package: pgf 2023-01-15 v3.1.10 (3.1.10)
 (/usr/local/texlive/2023/texmf-dist/tex/latex/pgf/basiclayer/pgfcore.sty (/usr/local/texlive/2023/texmf-dist/tex/latex/pgf/systemlayer/pgfsys.sty (/usr/local/texlive/2023/texmf-dist/tex/generic/pgf/systemlayer/pgfsys.code.tex
Package: pgfsys 2023-01-15 v3.1.10 (3.1.10)
\pgf@x=\dimen295
\pgf@y=\dimen296
\pgf@xa=\dimen297
\pgf@ya=\dimen298
\pgf@xb=\dimen299
\pgf@yb=\dimen300
\pgf@xc=\dimen301
\pgf@yc=\dimen302
\pgf@xd=\dimen303
\pgf@yd=\dimen304
\w@pgf@writea=\write4
\r@pgf@reada=\read2
\c@pgf@counta=\count327
\c@pgf@countb=\count328
\c@pgf@countc=\count329
\c@pgf@countd=\count330
\t@pgf@toka=\toks48
\t@pgf@tokb=\toks49
\t@pgf@tokc=\toks50
\pgf@sys@id@count=\count331
 (/usr/local/texlive/2023/texmf-dist/tex/generic/pgf/systemlayer/pgf.cfg
File: pgf.cfg 2023-01-15 v3.1.10 (3.1.10)
)
Driver file for pgf: pgfsys-pdftex.def
 (/usr/local/texlive/2023/texmf-dist/tex/generic/pgf/systemlayer/pgfsys-pdftex.def
File: pgfsys-pdftex.def 2023-01-15 v3.1.10 (3.1.10)
 (/usr/local/texlive/2023/texmf-dist/tex/generic/pgf/systemlayer/pgfsys-common-pdf.def
File: pgfsys-common-pdf.def 2023-01-15 v3.1.10 (3.1.10)
))) (/usr/local/texlive/2023/texmf-dist/tex/generic/pgf/systemlayer/pgfsyssoftpath.code.tex
File: pgfsyssoftpath.code.tex 2023-01-15 v3.1.10 (3.1.10)
\pgfsyssoftpath@smallbuffer@items=\count332
\pgfsyssoftpath@bigbuffer@items=\count333
) (/usr/local/texlive/2023/texmf-dist/tex/generic/pgf/systemlayer/pgfsysprotocol.code.tex
File: pgfsysprotocol.code.tex 2023-01-15 v3.1.10 (3.1.10)
)) (/usr/local/texlive/2023/texmf-dist/tex/generic/pgf/basiclayer/pgfcore.code.tex
Package: pgfcore 2023-01-15 v3.1.10 (3.1.10)
 (/usr/local/texlive/2023/texmf-dist/tex/generic/pgf/math/pgfmath.code.tex (/usr/local/texlive/2023/texmf-dist/tex/generic/pgf/math/pgfmathutil.code.tex) (/usr/local/texlive/2023/texmf-dist/tex/generic/pgf/math/pgfmathparser.code.tex
\pgfmath@dimen=\dimen305
\pgfmath@count=\count334
\pgfmath@box=\box87
\pgfmath@toks=\toks51
\pgfmath@stack@operand=\toks52
\pgfmath@stack@operation=\toks53
) (/usr/local/texlive/2023/texmf-dist/tex/generic/pgf/math/pgfmathfunctions.code.tex) (/usr/local/texlive/2023/texmf-dist/tex/generic/pgf/math/pgfmathfunctions.basic.code.tex) (/usr/local/texlive/2023/texmf-dist/tex/generic/pgf/math/pgfmathfunctions.trigonometric.code.tex) (/usr/local/texlive/2023/texmf-dist/tex/generic/pgf/math/pgfmathfunctions.random.code.tex) (/usr/local/texlive/2023/texmf-dist/tex/generic/pgf/math/pgfmathfunctions.comparison.code.tex) (/usr/local/texlive/2023/texmf-dist/tex/generic/pgf/math/pgfmathfunctions.base.code.tex) (/usr/local/texlive/2023/texmf-dist/tex/generic/pgf/math/pgfmathfunctions.round.code.tex) (/usr/local/texlive/2023/texmf-dist/tex/generic/pgf/math/pgfmathfunctions.misc.code.tex) (/usr/local/texlive/2023/texmf-dist/tex/generic/pgf/math/pgfmathfunctions.integerarithmetics.code.tex) (/usr/local/texlive/2023/texmf-dist/tex/generic/pgf/math/pgfmathcalc.code.tex) (/usr/local/texlive/2023/texmf-dist/tex/generic/pgf/math/pgfmathfloat.code.tex
\c@pgfmathroundto@lastzeros=\count335
)) (/usr/local/texlive/2023/texmf-dist/tex/generic/pgf/math/pgfint.code.tex) (/usr/local/texlive/2023/texmf-dist/tex/generic/pgf/basiclayer/pgfcorepoints.code.tex
File: pgfcorepoints.code.tex 2023-01-15 v3.1.10 (3.1.10)
\pgf@picminx=\dimen306
\pgf@picmaxx=\dimen307
\pgf@picminy=\dimen308
\pgf@picmaxy=\dimen309
\pgf@pathminx=\dimen310
\pgf@pathmaxx=\dimen311
\pgf@pathminy=\dimen312
\pgf@pathmaxy=\dimen313
\pgf@xx=\dimen314
\pgf@xy=\dimen315
\pgf@yx=\dimen316
\pgf@yy=\dimen317
\pgf@zx=\dimen318
\pgf@zy=\dimen319
) (/usr/local/texlive/2023/texmf-dist/tex/generic/pgf/basiclayer/pgfcorepathconstruct.code.tex
File: pgfcorepathconstruct.code.tex 2023-01-15 v3.1.10 (3.1.10)
\pgf@path@lastx=\dimen320
\pgf@path@lasty=\dimen321
) (/usr/local/texlive/2023/texmf-dist/tex/generic/pgf/basiclayer/pgfcorepathusage.code.tex
File: pgfcorepathusage.code.tex 2023-01-15 v3.1.10 (3.1.10)
\pgf@shorten@end@additional=\dimen322
\pgf@shorten@start@additional=\dimen323
) (/usr/local/texlive/2023/texmf-dist/tex/generic/pgf/basiclayer/pgfcorescopes.code.tex
File: pgfcorescopes.code.tex 2023-01-15 v3.1.10 (3.1.10)
\pgfpic=\box88
\pgf@hbox=\box89
\pgf@layerbox@main=\box90
\pgf@picture@serial@count=\count336
) (/usr/local/texlive/2023/texmf-dist/tex/generic/pgf/basiclayer/pgfcoregraphicstate.code.tex
File: pgfcoregraphicstate.code.tex 2023-01-15 v3.1.10 (3.1.10)
\pgflinewidth=\dimen324
) (/usr/local/texlive/2023/texmf-dist/tex/generic/pgf/basiclayer/pgfcoretransformations.code.tex
File: pgfcoretransformations.code.tex 2023-01-15 v3.1.10 (3.1.10)
\pgf@pt@x=\dimen325
\pgf@pt@y=\dimen326
\pgf@pt@temp=\dimen327
) (/usr/local/texlive/2023/texmf-dist/tex/generic/pgf/basiclayer/pgfcorequick.code.tex
File: pgfcorequick.code.tex 2023-01-15 v3.1.10 (3.1.10)
) (/usr/local/texlive/2023/texmf-dist/tex/generic/pgf/basiclayer/pgfcoreobjects.code.tex
File: pgfcoreobjects.code.tex 2023-01-15 v3.1.10 (3.1.10)
) (/usr/local/texlive/2023/texmf-dist/tex/generic/pgf/basiclayer/pgfcorepathprocessing.code.tex
File: pgfcorepathprocessing.code.tex 2023-01-15 v3.1.10 (3.1.10)
) (/usr/local/texlive/2023/texmf-dist/tex/generic/pgf/basiclayer/pgfcorearrows.code.tex
File: pgfcorearrows.code.tex 2023-01-15 v3.1.10 (3.1.10)
\pgfarrowsep=\dimen328
) (/usr/local/texlive/2023/texmf-dist/tex/generic/pgf/basiclayer/pgfcoreshade.code.tex
File: pgfcoreshade.code.tex 2023-01-15 v3.1.10 (3.1.10)
\pgf@max=\dimen329
\pgf@sys@shading@range@num=\count337
\pgf@shadingcount=\count338
) (/usr/local/texlive/2023/texmf-dist/tex/generic/pgf/basiclayer/pgfcoreimage.code.tex
File: pgfcoreimage.code.tex 2023-01-15 v3.1.10 (3.1.10)
) (/usr/local/texlive/2023/texmf-dist/tex/generic/pgf/basiclayer/pgfcoreexternal.code.tex
File: pgfcoreexternal.code.tex 2023-01-15 v3.1.10 (3.1.10)
\pgfexternal@startupbox=\box91
) (/usr/local/texlive/2023/texmf-dist/tex/generic/pgf/basiclayer/pgfcorelayers.code.tex
File: pgfcorelayers.code.tex 2023-01-15 v3.1.10 (3.1.10)
) (/usr/local/texlive/2023/texmf-dist/tex/generic/pgf/basiclayer/pgfcoretransparency.code.tex
File: pgfcoretransparency.code.tex 2023-01-15 v3.1.10 (3.1.10)
) (/usr/local/texlive/2023/texmf-dist/tex/generic/pgf/basiclayer/pgfcorepatterns.code.tex
File: pgfcorepatterns.code.tex 2023-01-15 v3.1.10 (3.1.10)
) (/usr/local/texlive/2023/texmf-dist/tex/generic/pgf/basiclayer/pgfcorerdf.code.tex
File: pgfcorerdf.code.tex 2023-01-15 v3.1.10 (3.1.10)
))) (/usr/local/texlive/2023/texmf-dist/tex/generic/pgf/modules/pgfmoduleshapes.code.tex
File: pgfmoduleshapes.code.tex 2023-01-15 v3.1.10 (3.1.10)
\pgfnodeparttextbox=\box92
) (/usr/local/texlive/2023/texmf-dist/tex/generic/pgf/modules/pgfmoduleplot.code.tex
File: pgfmoduleplot.code.tex 2023-01-15 v3.1.10 (3.1.10)
) (/usr/local/texlive/2023/texmf-dist/tex/latex/pgf/compatibility/pgfcomp-version-0-65.sty
Package: pgfcomp-version-0-65 2023-01-15 v3.1.10 (3.1.10)
\pgf@nodesepstart=\dimen330
\pgf@nodesepend=\dimen331
) (/usr/local/texlive/2023/texmf-dist/tex/latex/pgf/compatibility/pgfcomp-version-1-18.sty
Package: pgfcomp-version-1-18 2023-01-15 v3.1.10 (3.1.10)
)) (/usr/local/texlive/2023/texmf-dist/tex/latex/pgf/utilities/pgffor.sty (/usr/local/texlive/2023/texmf-dist/tex/latex/pgf/math/pgfmath.sty (/usr/local/texlive/2023/texmf-dist/tex/generic/pgf/math/pgfmath.code.tex)) (/usr/local/texlive/2023/texmf-dist/tex/generic/pgf/utilities/pgffor.code.tex
Package: pgffor 2023-01-15 v3.1.10 (3.1.10)
\pgffor@iter=\dimen332
\pgffor@skip=\dimen333
\pgffor@stack=\toks54
\pgffor@toks=\toks55
)) (/usr/local/texlive/2023/texmf-dist/tex/generic/pgf/frontendlayer/tikz/tikz.code.tex
Package: tikz 2023-01-15 v3.1.10 (3.1.10)
 (/usr/local/texlive/2023/texmf-dist/tex/generic/pgf/libraries/pgflibraryplothandlers.code.tex
File: pgflibraryplothandlers.code.tex 2023-01-15 v3.1.10 (3.1.10)
\pgf@plot@mark@count=\count339
\pgfplotmarksize=\dimen334
)
\tikz@lastx=\dimen335
\tikz@lasty=\dimen336
\tikz@lastxsaved=\dimen337
\tikz@lastysaved=\dimen338
\tikz@lastmovetox=\dimen339
\tikz@lastmovetoy=\dimen340
\tikzleveldistance=\dimen341
\tikzsiblingdistance=\dimen342
\tikz@figbox=\box93
\tikz@figbox@bg=\box94
\tikz@tempbox=\box95
\tikz@tempbox@bg=\box96
\tikztreelevel=\count340
\tikznumberofchildren=\count341
\tikznumberofcurrentchild=\count342
\tikz@fig@count=\count343
 (/usr/local/texlive/2023/texmf-dist/tex/generic/pgf/modules/pgfmodulematrix.code.tex
File: pgfmodulematrix.code.tex 2023-01-15 v3.1.10 (3.1.10)
\pgfmatrixcurrentrow=\count344
\pgfmatrixcurrentcolumn=\count345
\pgf@matrix@numberofcolumns=\count346
)
\tikz@expandcount=\count347
 (/usr/local/texlive/2023/texmf-dist/tex/generic/pgf/frontendlayer/tikz/libraries/tikzlibrarytopaths.code.tex
File: tikzlibrarytopaths.code.tex 2023-01-15 v3.1.10 (3.1.10)
))) (/usr/local/texlive/2023/texmf-dist/tex/latex/tikz-cd/tikz-cd.sty
Package: tikz-cd 2021/05/04 v1.0 Commutative diagrams with TikZ
 (/usr/local/texlive/2023/texmf-dist/tex/generic/tikz-cd/tikzlibrarycd.code.tex (/usr/local/texlive/2023/texmf-dist/tex/generic/pgf/frontendlayer/tikz/libraries/tikzlibrarymatrix.code.tex
File: tikzlibrarymatrix.code.tex 2023-01-15 v3.1.10 (3.1.10)
) (/usr/local/texlive/2023/texmf-dist/tex/generic/pgf/frontendlayer/tikz/libraries/tikzlibraryquotes.code.tex
File: tikzlibraryquotes.code.tex 2023-01-15 v3.1.10 (3.1.10)
) (/usr/local/texlive/2023/texmf-dist/tex/generic/pgf/libraries/pgflibraryarrows.meta.code.tex
File: pgflibraryarrows.meta.code.tex 2023-01-15 v3.1.10 (3.1.10)
\pgfarrowinset=\dimen343
\pgfarrowlength=\dimen344
\pgfarrowwidth=\dimen345
\pgfarrowlinewidth=\dimen346
))) (/usr/local/texlive/2023/texmf-dist/tex/latex/tikzsymbols/tikzsymbols.sty (/usr/local/texlive/2023/texmf-dist/tex/latex/l3packages/xparse/xparse.sty
Package: xparse 2023-02-02 L3 Experimental document command parser
)
Package: tikzsymbols 2021/12/14 v4.12a Some symbols created using tikz and LaTeX3.
 (/usr/local/texlive/2023/texmf-dist/tex/latex/tools/xspace.sty
Package: xspace 2014/10/28 v1.13 Space after command names (DPC,MH)
) (/usr/local/texlive/2023/texmf-dist/tex/latex/l3packages/l3keys2e/l3keys2e.sty
Package: l3keys2e 2023-02-02 LaTeX2e option processing using LaTeX3 keys
) (/usr/local/texlive/2023/texmf-dist/tex/generic/pgf/frontendlayer/tikz/libraries/tikzlibraryarrows.code.tex
File: tikzlibraryarrows.code.tex 2023-01-15 v3.1.10 (3.1.10)
 (/usr/local/texlive/2023/texmf-dist/tex/generic/pgf/libraries/pgflibraryarrows.code.tex
File: pgflibraryarrows.code.tex 2023-01-15 v3.1.10 (3.1.10)
\arrowsize=\dimen347
)) (/usr/local/texlive/2023/texmf-dist/tex/generic/pgf/frontendlayer/tikz/libraries/tikzlibrarydecorations.pathmorphing.code.tex (/usr/local/texlive/2023/texmf-dist/tex/generic/pgf/frontendlayer/tikz/libraries/tikzlibrarydecorations.code.tex (/usr/local/texlive/2023/texmf-dist/tex/generic/pgf/modules/pgfmoduledecorations.code.tex
\pgfdecoratedcompleteddistance=\dimen348
\pgfdecoratedremainingdistance=\dimen349
\pgfdecoratedinputsegmentcompleteddistance=\dimen350
\pgfdecoratedinputsegmentremainingdistance=\dimen351
\pgf@decorate@distancetomove=\dimen352
\pgf@decorate@repeatstate=\count348
\pgfdecorationsegmentamplitude=\dimen353
\pgfdecorationsegmentlength=\dimen354
)
\tikz@lib@dec@box=\box97
) (/usr/local/texlive/2023/texmf-dist/tex/generic/pgf/libraries/decorations/pgflibrarydecorations.pathmorphing.code.tex)) (/usr/local/texlive/2023/texmf-dist/tex/generic/pgf/frontendlayer/tikz/libraries/tikzlibrarytrees.code.tex
File: tikzlibrarytrees.code.tex 2023-01-15 v3.1.10 (3.1.10)
)
\l__tikzsymbols_Moai_thickness_dim=\dimen355
\l__tikzsymbols_Kochtopf_nr_arguments_int=\count349
\l__tikzsymbols_Bratpfanne_nr_arguments_int=\count350
\l__tikzsymbols_Schneebesen_nr_arguments_int=\count351
\l__tikzsymbols_Sieb_nr_arguments_int=\count352
\l__tikzsymbols_Purierstab_nr_arguments_int=\count353
\l__tikzsymbols_Dreizack_nr_arguments_int=\count354
\l__tikzsymbols_Backblech_nr_arguments_int=\count355
\l__tikzsymbols_Ofen_nr_arguments_int=\count356
\l__tikzsymbols_Pfanne_nr_arguments_int=\count357
\l__tikzsymbols_Herd_nr_arguments_int=\count358
\l__tikzsymbols_Saftpresse_nr_arguments_int=\count359
\l__tikzsymbols_Schussel_nr_arguments_int=\count360
\l__tikzsymbols_Schaler_nr_arguments_int=\count361
\l__tikzsymbols_Reibe_nr_arguments_int=\count362
\l__tikzsymbols_Flasche_nr_arguments_int=\count363
\l__tikzsymbols_Nudelholz_nr_arguments_int=\count364
\l__tikzsymbols_Knoblauchpresse_nr_arguments_int=\count365
\l__tikzsymbols_Sadey_nr_arguments_int=\count366
\l__tikzsymbols_dSadey_nr_arguments_int=\count367
\l__tikzsymbols_Changey_nr_arguments_int=\count368
\l__tikzsymbols_dChangey_nr_arguments_int=\count369
\l__tikzsymbols_cChangey_nr_arguments_int=\count370
\l__tikzsymbols_dcChangey_nr_arguments_int=\count371
\l__tikzsymbols_Annoey_nr_arguments_int=\count372
\l__tikzsymbols_dAnnoey_nr_arguments_int=\count373
\l__tikzsymbols_Smiley_nr_arguments_int=\count374
\l__tikzsymbols_dSmiley_nr_arguments_int=\count375
\l__tikzsymbols_Laughey_nr_arguments_int=\count376
\l__tikzsymbols_dLaughey_nr_arguments_int=\count377
\l__tikzsymbols_Neutrey_nr_arguments_int=\count378
\l__tikzsymbols_dNeutrey_nr_arguments_int=\count379
\l__tikzsymbols_Winkey_nr_arguments_int=\count380
\l__tikzsymbols_oldWinkey_nr_arguments_int=\count381
\l__tikzsymbols_dWinkey_nr_arguments_int=\count382
\l__tikzsymbols_olddWinkey_nr_arguments_int=\count383
\l__tikzsymbols_Sey_nr_arguments_int=\count384
\l__tikzsymbols_dSey_nr_arguments_int=\count385
\l__tikzsymbols_Xey_nr_arguments_int=\count386
\l__tikzsymbols_dXey_nr_arguments_int=\count387
\l__tikzsymbols_Innocey_nr_arguments_int=\count388
\l__tikzsymbols_wInnocey_nr_arguments_int=\count389
\l__tikzsymbols_dInnocey_nr_arguments_int=\count390
\l__tikzsymbols_Cooley_nr_arguments_int=\count391
\l__tikzsymbols_dCooley_nr_arguments_int=\count392
\l__tikzsymbols_Tongey_nr_arguments_int=\count393
\l__tikzsymbols_dTongey_nr_arguments_int=\count394
\l__tikzsymbols_Nursey_nr_arguments_int=\count395
\l__tikzsymbols_dNursey_nr_arguments_int=\count396
\l__tikzsymbols_Vomey_nr_arguments_int=\count397
\l__tikzsymbols_dVomey_nr_arguments_int=\count398
\l__tikzsymbols_Walley_nr_arguments_int=\count399
\l__tikzsymbols_rWalley_nr_arguments_int=\count400
\l__tikzsymbols_dWalley_nr_arguments_int=\count401
\l__tikzsymbols_drWalley_nr_arguments_int=\count402
\l__tikzsymbols_Cat_nr_arguments_int=\count403
\l__tikzsymbols_SchrodingersCat_nr_arguments_int=\count404
\l__tikzsymbols_Ninja_nr_arguments_int=\count405
\l__tikzsymbols_dNinja_nr_arguments_int=\count406
\l__tikzsymbols_Sleepey_nr_arguments_int=\count407
\l__tikzsymbols_dSleepey_nr_arguments_int=\count408
\l__tikzsymbols_Maskey_nr_arguments_int=\count409
\l__tikzsymbols_NiceReapey_nr_arguments_int=\count410
\l__tikzsymbols_Strichmaxerl_nr_arguments_int=\count411
\l__tikzsymbols_Person_nr_arguments_int=\count412
\l__tikzsymbols_Heart_nr_arguments_int=\count413
\l__tikzsymbols_dHeart_nr_arguments_int=\count414
\l__tikzsymbols_HeartBroken_nr_arguments_int=\count415
\l__tikzsymbols_Candle_nr_arguments_int=\count416
\l__tikzsymbols_Fire_nr_arguments_int=\count417
\l__tikzsymbols_Coffeecup_nr_arguments_int=\count418
\l__tikzsymbols_Chair_nr_arguments_int=\count419
\l__tikzsymbols_Bed_nr_arguments_int=\count420
\l__tikzsymbols_Tribar_nr_arguments_int=\count421
\l__tikzsymbols_Moai_nr_arguments_int=\count422
\l__tikzsymbols_Snowman_nr_arguments_int=\count423
\l__tikzsymbols_BasicTree_nr_arguments_int=\count424
\l__tikzsymbols_WorstTree_nr_arguments_int=\count425
\l__tikzsymbols_Springtree_nr_arguments_int=\count426
\l__tikzsymbols_Summertree_nr_arguments_int=\count427
\l__tikzsymbols_Autumntree_nr_arguments_int=\count428
\l__tikzsymbols_Wintertree_nr_arguments_int=\count429
) (/usr/local/texlive/2023/texmf-dist/tex/latex/pgfplots/pgfplots.sty (/usr/local/texlive/2023/texmf-dist/tex/generic/pgfplots/pgfplots.revision.tex)
Package: pgfplots 2021/05/15 v1.18.1 Data Visualization (1.18.1)
 (/usr/local/texlive/2023/texmf-dist/tex/generic/pgfplots/pgfplots.code.tex (/usr/local/texlive/2023/texmf-dist/tex/generic/pgfplots/pgfplotscore.code.tex
\t@pgfplots@toka=\toks56
\t@pgfplots@tokb=\toks57
\t@pgfplots@tokc=\toks58
\pgfplots@tmpa=\dimen356
\c@pgfplots@coordindex=\count430
\c@pgfplots@scanlineindex=\count431
 (/usr/local/texlive/2023/texmf-dist/tex/generic/pgfplots/sys/pgfplotssysgeneric.code.tex)) (/usr/local/texlive/2023/texmf-dist/tex/generic/pgfplots/libs/pgfplotslibrary.code.tex) (/usr/local/texlive/2023/texmf-dist/tex/generic/pgfplots/oldpgfcompatib/pgfplotsoldpgfsupp_loader.code.tex (/usr/local/texlive/2023/texmf-dist/tex/generic/pgf/libraries/pgflibraryfpu.code.tex)
Package pgfplots: loading complementary utilities for your pgf version...
\t@pgf@toka=\toks59
\t@pgf@tokb=\toks60
\t@pgf@tokc=\toks61
(/usr/local/texlive/2023/texmf-dist/tex/generic/pgfplots/oldpgfcompatib/pgfplotsoldpgfsupp_pgfutil-common-lists.tex)) (/usr/local/texlive/2023/texmf-dist/tex/generic/pgfplots/util/pgfplotsutil.code.tex (/usr/local/texlive/2023/texmf-dist/tex/generic/pgfplots/liststructure/pgfplotsliststructure.code.tex) (/usr/local/texlive/2023/texmf-dist/tex/generic/pgfplots/liststructure/pgfplotsliststructureext.code.tex) (/usr/local/texlive/2023/texmf-dist/tex/generic/pgfplots/liststructure/pgfplotsarray.code.tex
\c@pgfplotsarray@tmp=\count432
) (/usr/local/texlive/2023/texmf-dist/tex/generic/pgfplots/liststructure/pgfplotsmatrix.code.tex) (/usr/local/texlive/2023/texmf-dist/tex/generic/pgfplots/numtable/pgfplotstableshared.code.tex
\c@pgfplotstable@counta=\count433
\t@pgfplotstable@a=\toks62
) (/usr/local/texlive/2023/texmf-dist/tex/generic/pgfplots/liststructure/pgfplotsdeque.code.tex) (/usr/local/texlive/2023/texmf-dist/tex/generic/pgfplots/util/pgfplotsbinary.code.tex (/usr/local/texlive/2023/texmf-dist/tex/generic/pgfplots/util/pgfplotsbinary.data.code.tex)) (/usr/local/texlive/2023/texmf-dist/tex/generic/pgfplots/util/pgfplotsutil.verb.code.tex) (/usr/local/texlive/2023/texmf-dist/tex/generic/pgfplots/libs/pgflibrarypgfplots.surfshading.code.tex
\c@pgfplotslibrarysurf@no=\count434
 (/usr/local/texlive/2023/texmf-dist/tex/generic/pgfplots/sys/pgflibrarypgfplots.surfshading.pgfsys-pdftex.def))) (/usr/local/texlive/2023/texmf-dist/tex/generic/pgfplots/util/pgfplotscolormap.code.tex (/usr/local/texlive/2023/texmf-dist/tex/generic/pgfplots/util/pgfplotscolor.code.tex)) (/usr/local/texlive/2023/texmf-dist/tex/generic/pgfplots/pgfplotsstackedplots.code.tex) (/usr/local/texlive/2023/texmf-dist/tex/generic/pgfplots/pgfplotsplothandlers.code.tex (/usr/local/texlive/2023/texmf-dist/tex/generic/pgfplots/pgfplotsmeshplothandler.code.tex (/usr/local/texlive/2023/texmf-dist/tex/generic/pgfplots/pgfplotsmeshplotimage.code.tex))) (/usr/local/texlive/2023/texmf-dist/tex/generic/pgfplots/pgfplots.scaling.code.tex) (/usr/local/texlive/2023/texmf-dist/tex/generic/pgfplots/pgfplotscoordprocessing.code.tex) (/usr/local/texlive/2023/texmf-dist/tex/generic/pgfplots/pgfplots.errorbars.code.tex) (/usr/local/texlive/2023/texmf-dist/tex/generic/pgfplots/pgfplots.markers.code.tex) (/usr/local/texlive/2023/texmf-dist/tex/generic/pgfplots/pgfplotsticks.code.tex) (/usr/local/texlive/2023/texmf-dist/tex/generic/pgfplots/pgfplots.paths.code.tex) (/usr/local/texlive/2023/texmf-dist/tex/generic/pgf/frontendlayer/tikz/libraries/tikzlibrarydecorations.pathreplacing.code.tex (/usr/local/texlive/2023/texmf-dist/tex/generic/pgf/libraries/decorations/pgflibrarydecorations.pathreplacing.code.tex)) (/usr/local/texlive/2023/texmf-dist/tex/generic/pgfplots/libs/tikzlibrarypgfplots.contourlua.code.tex)
\pgfplots@numplots=\count435
\pgfplots@xmin@reg=\dimen357
\pgfplots@xmax@reg=\dimen358
\pgfplots@ymin@reg=\dimen359
\pgfplots@ymax@reg=\dimen360
\pgfplots@zmin@reg=\dimen361
\pgfplots@zmax@reg=\dimen362
) (/usr/local/texlive/2023/texmf-dist/tex/generic/pgf/frontendlayer/tikz/libraries/tikzlibraryplotmarks.code.tex
File: tikzlibraryplotmarks.code.tex 2023-01-15 v3.1.10 (3.1.10)
 (/usr/local/texlive/2023/texmf-dist/tex/generic/pgf/libraries/pgflibraryplotmarks.code.tex
File: pgflibraryplotmarks.code.tex 2023-01-15 v3.1.10 (3.1.10)
))) (/usr/local/texlive/2023/texmf-dist/tex/latex/blkarray/blkarray.sty
Package: blkarray 2015/02/27 v0.07 Block array (dpc)
\c@BAenumi=\count436
\BA@col=\count437
\BA@block@cnt=\count438
\BA@final@box=\box98
\BA@first@box=\box99
\BA@colsep=\dimen363
\BA@ftn=\toks63
\BAextrarowheight=\dimen364
\BAextraheightafterhline=\dimen365
\BAarrayrulewidth=\dimen366
\BAdoublerulesep=\dimen367
\BAfootskip=\dimen368
\BA@dashbox=\box100
\BA@ddashbox=\box101
) (/usr/local/texlive/2023/texmf-dist/tex/latex/pstricks/pstricks.sty
Package: pstricks 2022/19/23 v0.72 LaTeX wrapper for `PSTricks' (RN,HV)
 (/usr/local/texlive/2023/texmf-dist/tex/generic/xkeyval/pst-xkey.tex
File: pst-xkey.tex 2005/11/25 v1.6 PSTricks specialization of xkeyval (HA)
 (/usr/local/texlive/2023/texmf-dist/tex/latex/xkeyval/xkeyval.sty
Package: xkeyval 2022/06/16 v2.9 package option processing (HA)
 (/usr/local/texlive/2023/texmf-dist/tex/generic/xkeyval/xkeyval.tex (/usr/local/texlive/2023/texmf-dist/tex/generic/xkeyval/xkvutils.tex
\XKV@toks=\toks64
\XKV@tempa@toks=\toks65
)
\XKV@depth=\count439
File: xkeyval.tex 2014/12/03 v2.7a key=value parser (HA)
))) (/usr/local/texlive/2023/texmf-dist/tex/generic/pstricks/pstricks.tex (/usr/local/texlive/2023/texmf-dist/tex/generic/pstricks/pst-fp.tex `pst-fp' v0.06, 2020/11/20 (hv)
\pstFP@xs=\count440
\pstFP@xia=\count441
\pstFP@xib=\count442
\pstFP@xfa=\count443
\pstFP@xfb=\count444
\pstFP@rega=\count445
\pstFP@regb=\count446
\pstFP@regs=\count447
\pstFP@times=\count448
)
\psLoopIndex=\count449

`PSTricks' v3.18  <2022/11/28> (tvz,hv)
\pst@dima=\dimen369
\pst@dimb=\dimen370
\pst@dimc=\dimen371
\pst@dimd=\dimen372
\pst@dimg=\dimen373
\pst@dimh=\dimen374
\pst@dimm=\dimen375
\pst@dimn=\dimen376
\pst@dimo=\dimen377
\pst@dimp=\dimen378
\pst@hbox=\box102
\pst@ibox=\box103
\pst@boxg=\box104
\pst@cnta=\count450
\pst@cntb=\count451
\pst@cntc=\count452
\pst@cntd=\count453
\pst@cntg=\count454
\pst@cnth=\count455
\pst@cntm=\count456
\pst@cntn=\count457
\pst@cnto=\count458
\pst@cntp=\count459
\@zero=\count460
\pst@toks=\toks66
--- We are running latex or xelatex ---
(/usr/local/texlive/2023/texmf-dist/tex/generic/pstricks/pstricks.con) (/usr/local/texlive/2023/texmf-dist/tex/generic/pstricks/pstricks-color.tex)
\psunit=\dimen379
\psxunit=\dimen380
\psyunit=\dimen381
\pst@C@@rType=\count461
\pslinewidth=\dimen382
\psk@startLW=\dimen383
\psk@endLW=\dimen384
 (/usr/local/texlive/2023/texmf-dist/tex/generic/pstricks/pstricks-arrows.tex
\pshooklength=\dimen385
\pshookwidth=\dimen386
)
\pst@customdefs=\toks67
 (/usr/local/texlive/2023/texmf-dist/tex/generic/pstricks/pstricks-dots.tex)
\pslinearc=\dimen387
\pst@symbolStep=\dimen388
\pst@symbolWidth=\dimen389
\pst@symbolLinewidth=\dimen390
\everypsbox=\toks68
\psframesep=\dimen391
\pslabelsep=\dimen392
\sh@wgridXunit=\dimen393
\sh@wgridYunit=\dimen394
\pst@shift=\dimen395
\ps@imagectr=\count462
 (/usr/local/texlive/2023/texmf-dist/tex/generic/pstricks/pstricks.con))
File: pstricks.tex 2022/11/28 v3.18 `PSTricks' (tvz,hv)
 (/usr/local/texlive/2023/texmf-dist/tex/generic/pstricks/pst-fp.tex `pst-fp' v0.06, 2020/11/20 (hv))
File: pst-fp.tex 2020/11/20 v0.06 `PST-fp' (hv)
) (/usr/local/texlive/2023/texmf-dist/tex/latex/pst-node/pst-node.sty
Package: pst-node 2012/09/18 v1.01 LaTeX wrapper for `pst-node' (HV)
Package: pst-node 2010/04/22 package wrapper for pst-node.tex
 (/usr/local/texlive/2023/texmf-dist/tex/generic/pst-node/pst-node.tex  v1.43, 2022/01/31
\psrow=\count463
\pscol=\count464
\psmatrixcnt=\count465
\psrowsep=\skip66
\pscolsep=\skip67
\pst@args=\count466
\num@pts=\count467
\pst@argcnt=\count468
)
File: pst-node.tex 2022/01/31 1.43 `pst-node' (tvz,hv)
) (/usr/local/texlive/2023/texmf-dist/tex/latex/pst-tree/pst-tree.sty
Package: pst-tree 2009/01/25 package wrapper for pst-tree.tex
 (/usr/local/texlive/2023/texmf-dist/tex/generic/pst-tree/pst-tree.tex  v1.14, 2021/09/04(tvz,dg,hv)
\pstree@rootbox=\box105
\pstree@box=\box106
\psnodecnt=\count469
\pstreelevel=\count470
\pstreecnt=\count471
\pstree@cnt=\count472
\pstree@stop=\count473
)
File: pst-tree.tex 2021/09/04 1.14 `pst-tree' (tvz,hv)
) (/usr/local/texlive/2023/texmf-dist/tex/latex/tools/verbatim.sty
Package: verbatim 2022-07-02 v1.5u LaTeX2e package for verbatim enhancements
\every@verbatim=\toks69
\verbatim@line=\toks70
\verbatim@in@stream=\read3
)
\myverbindent=\skip68
 (/usr/local/texlive/2023/texmf-dist/tex/latex/setspace/setspace.sty
Package: setspace 2022/12/04 v6.7b set line spacing
) (/usr/local/texlive/2023/texmf-dist/tex/latex/preprint/fullpage.sty
Package: fullpage 1999/02/23 1.1 (PWD)
\FP@margin=\skip69
)
\c@theorem=\count474
 (/usr/local/texlive/2023/texmf-dist/tex/latex/biblatex-chicago/biblatex-chicago.sty
Package: biblatex-chicago 2022/07/02 v 3.18 biblatex style
 (/usr/local/texlive/2023/texmf-dist/tex/latex/etoolbox/etoolbox.sty
Package: etoolbox 2020/10/05 v2.5k e-TeX tools for LaTeX (JAW)
\etb@tempcnta=\count475
) (/usr/local/texlive/2023/texmf-dist/tex/generic/xstring/xstring.sty (/usr/local/texlive/2023/texmf-dist/tex/generic/xstring/xstring.tex
\integerpart=\count476
\decimalpart=\count477
)
Package: xstring 2023/01/14 v1.85 String manipulations (CT)
) (/usr/local/texlive/2023/texmf-dist/tex/latex/biblatex/biblatex.sty
Package: biblatex 2023/03/05 v3.19 programmable bibliographies (PK/MW)
 (/usr/local/texlive/2023/texmf-dist/tex/latex/logreq/logreq.sty
Package: logreq 2010/08/04 v1.0 xml request logger
\lrq@indent=\count478
 (/usr/local/texlive/2023/texmf-dist/tex/latex/logreq/logreq.def
File: logreq.def 2010/08/04 v1.0 logreq spec v1.0
)) (/usr/local/texlive/2023/texmf-dist/tex/latex/base/ifthen.sty
Package: ifthen 2022/04/13 v1.1d Standard LaTeX ifthen package (DPC)
)
\c@tabx@nest=\count479
\c@listtotal=\count480
\c@listcount=\count481
\c@liststart=\count482
\c@liststop=\count483
\c@citecount=\count484
\c@citetotal=\count485
\c@multicitecount=\count486
\c@multicitetotal=\count487
\c@instcount=\count488
\c@maxnames=\count489
\c@minnames=\count490
\c@maxitems=\count491
\c@minitems=\count492
\c@citecounter=\count493
\c@maxcitecounter=\count494
\c@savedcitecounter=\count495
\c@uniquelist=\count496
\c@uniquename=\count497
\c@refsection=\count498
\c@refsegment=\count499
\c@maxextratitle=\count500
\c@maxextratitleyear=\count501
\c@maxextraname=\count502
\c@maxextradate=\count503
\c@maxextraalpha=\count504
\c@abbrvpenalty=\count505
\c@highnamepenalty=\count506
\c@lownamepenalty=\count507
\c@maxparens=\count508
\c@parenlevel=\count509
\blx@tempcnta=\count510
\blx@tempcntb=\count511
\blx@tempcntc=\count512
\c@blx@maxsection=\count513
\blx@maxsegment@0=\count514
\blx@notetype=\count515
\blx@parenlevel@text=\count516
\blx@parenlevel@foot=\count517
\blx@sectionciteorder@0=\count518
\blx@sectionciteorderinternal@0=\count519
\blx@entrysetcounter=\count520
\blx@biblioinstance=\count521
\labelnumberwidth=\skip70
\labelalphawidth=\skip71
\biblabelsep=\skip72
\bibitemsep=\skip73
\bibnamesep=\skip74
\bibinitsep=\skip75
\bibparsep=\skip76
\bibhang=\skip77
\blx@bcfin=\read4
\blx@bcfout=\write5
\blx@langwohyphens=\language87
\c@mincomprange=\count522
\c@maxcomprange=\count523
\c@mincompwidth=\count524
Package biblatex Info: Trying to load biblatex default data model...
Package biblatex Info: ... file 'blx-dm.def' found.
 (/usr/local/texlive/2023/texmf-dist/tex/latex/biblatex/blx-dm.def
File: blx-dm.def 2023/03/05 v3.19 biblatex localization (PK/MW)
)
Package biblatex Info: Trying to load biblatex style data model...
Package biblatex Info: ... file 'chicago-authordate.dbx' not found.
Package biblatex Info: Trying to load biblatex custom data model...
Package biblatex Info: ... file 'biblatex-dm.cfg' not found.
\c@afterword=\count525
\c@savedafterword=\count526
\c@annotator=\count527
\c@savedannotator=\count528
\c@author=\count529
\c@savedauthor=\count530
\c@bookauthor=\count531
\c@savedbookauthor=\count532
\c@commentator=\count533
\c@savedcommentator=\count534
\c@editor=\count535
\c@savededitor=\count536
\c@editora=\count537
\c@savededitora=\count538
\c@editorb=\count539
\c@savededitorb=\count540
\c@editorc=\count541
\c@savededitorc=\count542
\c@foreword=\count543
\c@savedforeword=\count544
\c@holder=\count545
\c@savedholder=\count546
\c@introduction=\count547
\c@savedintroduction=\count548
\c@namea=\count549
\c@savednamea=\count550
\c@nameb=\count551
\c@savednameb=\count552
\c@namec=\count553
\c@savednamec=\count554
\c@translator=\count555
\c@savedtranslator=\count556
\c@shortauthor=\count557
\c@savedshortauthor=\count558
\c@shorteditor=\count559
\c@savedshorteditor=\count560
\c@labelname=\count561
\c@savedlabelname=\count562
\c@institution=\count563
\c@savedinstitution=\count564
\c@lista=\count565
\c@savedlista=\count566
\c@listb=\count567
\c@savedlistb=\count568
\c@listc=\count569
\c@savedlistc=\count570
\c@listd=\count571
\c@savedlistd=\count572
\c@liste=\count573
\c@savedliste=\count574
\c@listf=\count575
\c@savedlistf=\count576
\c@location=\count577
\c@savedlocation=\count578
\c@organization=\count579
\c@savedorganization=\count580
\c@origlocation=\count581
\c@savedoriglocation=\count582
\c@origpublisher=\count583
\c@savedorigpublisher=\count584
\c@publisher=\count585
\c@savedpublisher=\count586
\c@language=\count587
\c@savedlanguage=\count588
\c@origlanguage=\count589
\c@savedoriglanguage=\count590
\c@pageref=\count591
\c@savedpageref=\count592
\shorthandwidth=\skip78
\shortjournalwidth=\skip79
\shortserieswidth=\skip80
\shorttitlewidth=\skip81
\shortauthorwidth=\skip82
\shorteditorwidth=\skip83
\locallabelnumberwidth=\skip84
\locallabelalphawidth=\skip85
\localshorthandwidth=\skip86
\localshortjournalwidth=\skip87
\localshortserieswidth=\skip88
\localshorttitlewidth=\skip89
\localshortauthorwidth=\skip90
\localshorteditorwidth=\skip91
Package biblatex Info: Trying to load compatibility code...
Package biblatex Info: ... file 'blx-compat.def' found.
 (/usr/local/texlive/2023/texmf-dist/tex/latex/biblatex/blx-compat.def
File: blx-compat.def 2023/03/05 v3.19 biblatex compatibility (PK/MW)
)
Package biblatex Info: Trying to load generic definitions...
Package biblatex Info: ... file 'biblatex.def' found.
 (/usr/local/texlive/2023/texmf-dist/tex/latex/biblatex/biblatex.def
File: biblatex.def 2023/03/05 v3.19 biblatex compatibility (PK/MW)
\c@textcitecount=\count593
\c@textcitetotal=\count594
\c@textcitemaxnames=\count595
\c@biburlbigbreakpenalty=\count596
\c@biburlbreakpenalty=\count597
\c@biburlnumpenalty=\count598
\c@biburlucpenalty=\count599
\c@biburllcpenalty=\count600
\biburlbigskip=\muskip18
\biburlnumskip=\muskip19
\biburlucskip=\muskip20
\biburllcskip=\muskip21
\c@smartand=\count601
)
Package biblatex Info: Trying to load bibliography style 'chicago-authordate'...
Package biblatex Info: ... file 'chicago-authordate.bbx' found.
 (/usr/local/texlive/2023/texmf-dist/tex/latex/biblatex-chicago/chicago-authordate.bbx
File: chicago-authordate.bbx 2022/11/17 v 3.18b biblatex bibliography style
\lositemsep=\skip92
Package biblatex Info: Delimiter 'revsdnamedelim' in context '' already defined, overwriting.
\cms@tempcnta=\count602
\cms@tempcntb=\count603
\c@bbx:relatedcount=\count604
\c@bbx:relatedtotal=\count605
)
Package biblatex Info: Trying to load citation style 'chicago-authordate'...
Package biblatex Info: ... file 'chicago-authordate.cbx' found.
 (/usr/local/texlive/2023/texmf-dist/tex/latex/biblatex-chicago/chicago-authordate.cbx
File: chicago-authordate.cbx 2022/07/02 v 3.18 biblatex citation style
Package biblatex Info: Trying to load citation style 'chicago-dates-common'...
Package biblatex Info: ... file 'chicago-dates-common.cbx' found.
 (/usr/local/texlive/2023/texmf-dist/tex/latex/biblatex-chicago/chicago-dates-common.cbx
File: chicago-dates-common.cbx 2022/11/17 v 3.18b biblatex citation style
Package biblatex Info: Redefining '\cite'.
Package biblatex Info: Redefining '\parencite'.
Package biblatex Info: Redefining '\footcite'.
Package biblatex Info: Redefining '\footcitetext'.
Package biblatex Info: Redefining '\footfullcite'.
Package biblatex Info: Redefining '\fullcite'.
Package biblatex Info: Redefining '\textcite'.
Package biblatex Info: Redefining '\textcites'.
Package biblatex Info: Redefining '\cites'.
Package biblatex Info: Redefining '\parencites'.
Package biblatex Info: Redefining '\footcites'.
Package biblatex Info: Redefining '\footcitetexts'.
\c@cms@punct=\count606
Package biblatex Info: Delimiter 'dateeradelim' in context '' already defined, overwriting.
))
Package biblatex Info: Trying to load configuration file...
Package biblatex Info: ... file 'biblatex.cfg' found.
 (/usr/local/texlive/2023/texmf-dist/tex/latex/biblatex/biblatex.cfg
File: biblatex.cfg 
)
Package biblatex Info: Input encoding 'utf8' detected.
Package biblatex Info: Document encoding is UTF8 ....
Package biblatex Info: ... and expl3
(biblatex)             2023-02-22 L3 programming layer (loader) 
(biblatex)             is new enough (at least 2020/04/06),
(biblatex)             setting 'casechanger=expl3'.
 (/usr/local/texlive/2023/texmf-dist/tex/latex/biblatex/blx-case-expl3.sty
Package: blx-case-expl3 2023/03/05 v3.19 expl3 case changing code for biblatex
)))
\@quotelevel=\count607
\@quotereset=\count608

No file gavin_netsci.aux.
\openout1 = `gavin_netsci.aux'.

LaTeX Font Info:    Checking defaults for OML/cmm/m/it on input line 76.
LaTeX Font Info:    ... okay on input line 76.
LaTeX Font Info:    Checking defaults for OMS/cmsy/m/n on input line 76.
LaTeX Font Info:    ... okay on input line 76.
LaTeX Font Info:    Checking defaults for OT1/cmr/m/n on input line 76.
LaTeX Font Info:    ... okay on input line 76.
LaTeX Font Info:    Checking defaults for T1/cmr/m/n on input line 76.
LaTeX Font Info:    ... okay on input line 76.
LaTeX Font Info:    Checking defaults for TS1/cmr/m/n on input line 76.
LaTeX Font Info:    ... okay on input line 76.
LaTeX Font Info:    Checking defaults for OMX/cmex/m/n on input line 76.
LaTeX Font Info:    ... okay on input line 76.
LaTeX Font Info:    Checking defaults for U/cmr/m/n on input line 76.
LaTeX Font Info:    ... okay on input line 76.
LaTeX Font Info:    Checking defaults for PD1/pdf/m/n on input line 76.
LaTeX Font Info:    ... okay on input line 76.
LaTeX Font Info:    Checking defaults for PU/pdf/m/n on input line 76.
LaTeX Font Info:    ... okay on input line 76.
Package hyperref Info: Link coloring OFF on input line 76.
\@outlinefile=\write6
\openout6 = `gavin_netsci.out'.

(/usr/local/texlive/2023/texmf-dist/tex/context/base/mkii/supp-pdf.mkii
[Loading MPS to PDF converter (version 2006.09.02).]
\scratchcounter=\count609
\scratchdimen=\dimen396
\scratchbox=\box107
\nofMPsegments=\count610
\nofMParguments=\count611
\everyMPshowfont=\toks71
\MPscratchCnt=\count612
\MPscratchDim=\dimen397
\MPnumerator=\count613
\makeMPintoPDFobject=\count614
\everyMPtoPDFconversion=\toks72
) (/usr/local/texlive/2023/texmf-dist/tex/latex/epstopdf-pkg/epstopdf-base.sty
Package: epstopdf-base 2020-01-24 v2.11 Base part for package epstopdf
Package epstopdf-base Info: Redefining graphics rule for `.eps' on input line 485.
 (/usr/local/texlive/2023/texmf-dist/tex/latex/latexconfig/epstopdf-sys.cfg
File: epstopdf-sys.cfg 2010/07/13 v1.3 Configuration of (r)epstopdf for TeX Live
))
Package caption Info: Begin \AtBeginDocument code.
Package caption Info: End \AtBeginDocument code.
 (/usr/local/texlive/2023/texmf-dist/tex/latex/ninecolors/ninecolors.sty
Package: ninecolors 2022-02-13 vv2022D Select colors with proper color contrast
)
Package pgfplots notification 'compat/show suggested version=true': document has been generated with the most recent feature set (\pgfplotsset{compat=1.18}).

Package biblatex Info: Trying to load language 'english' -> 'cms-american'...
Package biblatex Info: ... file 'cms-american.lbx' found.
(/usr/local/texlive/2023/texmf-dist/tex/latex/biblatex-chicago/cms-american.lbx
File: cms-american.lbx 2022/07/02 v 3.18 biblatex localization
Package biblatex Info: Trying to load language 'american'...
Package biblatex Info: ... file 'american.lbx' found.
 (/usr/local/texlive/2023/texmf-dist/tex/latex/biblatex/lbx/american.lbx
File: american.lbx 2023/03/05 v3.19 biblatex localization (PK/MW)
Package biblatex Info: Trying to load language 'english'...
Package biblatex Info: ... file 'english.lbx' found.
 (/usr/local/texlive/2023/texmf-dist/tex/latex/biblatex/lbx/english.lbx
File: english.lbx 2023/03/05 v3.19 biblatex localization (PK/MW)
))
Package biblatex Info: Trying to load language 'english'...
Package biblatex Info: ... file 'english.lbx' found.
 (/usr/local/texlive/2023/texmf-dist/tex/latex/biblatex/lbx/english.lbx
File: english.lbx 2023/03/05 v3.19 biblatex localization (PK/MW)
))
Package biblatex Info: Input encoding 'utf8' detected.
Package biblatex Info: Automatic encoding selection.
(biblatex)             Assuming data encoding 'utf8'.
\openout5 = `gavin_netsci.bcf'.

Package biblatex Info: Trying to load bibliographic data...
Package biblatex Info: ... file 'gavin_netsci.bbl' not found.

No file gavin_netsci.bbl.
Package biblatex Info: Reference section=0 on input line 76.
Package biblatex Info: Reference segment=0 on input line 76.
LaTeX Font Info:    Trying to load font information for U+msa on input line 77.
(/usr/local/texlive/2023/texmf-dist/tex/latex/amsfonts/umsa.fd
File: umsa.fd 2013/01/14 v3.01 AMS symbols A
)
LaTeX Font Info:    Trying to load font information for U+msb on input line 77.
 (/usr/local/texlive/2023/texmf-dist/tex/latex/amsfonts/umsb.fd
File: umsb.fd 2013/01/14 v3.01 AMS symbols B
)
LaTeX Font Info:    Trying to load font information for U+lasy on input line 77.
 (/usr/local/texlive/2023/texmf-dist/tex/latex/base/ulasy.fd
File: ulasy.fd 1998/08/17 v2.2e LaTeX symbol font definitions
)
LaTeX Font Info:    Trying to load font information for U+stmry on input line 77.
 (/usr/local/texlive/2023/texmf-dist/tex/latex/stmaryrd/Ustmry.fd)

LaTeX Warning: Citation 'Hassan24' on page 1 undefined on input line 85.


LaTeX Warning: Citation 'Hassan24' on page 1 undefined on input line 85.


LaTeX Warning: Citation 'AlJazeera24' on page 1 undefined on input line 85.


LaTeX Warning: Citation 'Parry24' on page 1 undefined on input line 87.


LaTeX Warning: Citation 'MDOT24' on page 1 undefined on input line 87.


LaTeX Warning: Citation 'MDOT24' on page 1 undefined on input line 87.


LaTeX Warning: Citation 'Domen24' on page 1 undefined on input line 87.

[1
Non-PDF special ignored!
<special> header=pstricks.pro
Non-PDF special ignored!
<special> header=pst-algparser.pro
Non-PDF special ignored!
<special> header=pst-tools.pro
Non-PDF special ignored!
<special> header=pst-dots.pro
Non-PDF special ignored!
<special> header=pst-node.pro

Non-PDF special ignored!
<special> ps: /pssetRGBcolor /setrgbcolor load def /pssetCMYKcolor /setcmyk...
Non-PDF special ignored!
<special> ps:tx@Dict begin  gsave STV CP T /ps@rot 0 def grestore  end
Non-PDF special ignored!
<special> ps:tx@Dict begin  gsave STV CP T /ps@refangle 0.  def grestore  e...
Non-PDF special ignored!
<special> ps:0.8 setlinewidth 0 setgray
Non-PDF special ignored!
<special> ps:tx@Dict begin  gsave STV CP T /ps@rot 0 def grestore  end
Non-PDF special ignored!
<special> ps:0.8 setlinewidth 0 setgray
{/usr/local/texlive/2023/texmf-var/fonts/map/pdftex/updmap/pdftex.map}{/usr/local/texlive/2023/texmf-dist/fonts/enc/dvips/cm-super/cm-super-ts1.enc}]

LaTeX Warning: Reference `sec:lit_review' on page 2 undefined on input line 89.


LaTeX Warning: Reference `sec:model' on page 2 undefined on input line 89.


LaTeX Warning: Reference `sec:data' on page 2 undefined on input line 89.


LaTeX Warning: Reference `sec:results' on page 2 undefined on input line 89.


LaTeX Warning: Reference `sec:concl' on page 2 undefined on input line 89.


LaTeX Warning: Citation 'Porta06' on page 2 undefined on input line 94.


LaTeX Warning: Citation 'Ding19' on page 2 undefined on input line 94.


LaTeX Warning: Citation 'Porta06' on page 2 undefined on input line 94.


LaTeX Warning: Citation 'Porta06b' on page 2 undefined on input line 94.


LaTeX Warning: Citation 'Esri' on page 2 undefined on input line 94.


LaTeX Warning: Citation 'Boeing17' on page 2 undefined on input line 94.


LaTeX Warning: Citation 'Ding19' on page 2 undefined on input line 94.


LaTeX Warning: Citation 'Erath09' on page 2 undefined on input line 94.


LaTeX Warning: Citation 'Wang11' on page 2 undefined on input line 94.


LaTeX Warning: Citation 'Barthelemy09' on page 2 undefined on input line 94.


Overfull \hbox (28.46231pt too wide) in paragraph at lines 94--95
\OT1/cmr/m/n/10.95 this, the pri-mal ap-proach, uses in-ter-sec-tions as nodes and roads as links in the net-work ([][]).
 []


LaTeX Warning: Citation 'Porta06' on page 2 undefined on input line 96.


LaTeX Warning: Citation 'Porta07' on page 2 undefined on input line 96.


LaTeX Warning: Citation 'Wang11' on page 2 undefined on input line 96.


LaTeX Warning: Citation 'Porta06' on page 2 undefined on input line 96.


LaTeX Warning: Citation 'Barthelemy09' on page 2 undefined on input line 96.


LaTeX Warning: Citation 'Porta06' on page 2 undefined on input line 96.


LaTeX Warning: Citation 'Porta06' on page 2 undefined on input line 96.


LaTeX Warning: Citation 'Wang11' on page 2 undefined on input line 96.


LaTeX Warning: Citation 'Porta06' on page 2 undefined on input line 96.


LaTeX Warning: Citation 'Jayaweera17' on page 2 undefined on input line 96.


LaTeX Warning: Citation 'Ando21' on page 2 undefined on input line 96.


Overfull \hbox (29.00925pt too wide) in paragraph at lines 96--97
\OT1/cmr/m/n/10.95 but fails to be mean-ing-ful look-ing at only a sub-set of a larger net-work ([][][]).
 []

[2]

LaTeX Warning: Citation 'Ando20' on page 3 undefined on input line 98.


LaTeX Warning: Citation 'Scardoni13' on page 3 undefined on input line 98.


LaTeX Warning: Citation 'Holme02' on page 3 undefined on input line 100.


LaTeX Warning: Citation 'Xeumei10' on page 3 undefined on input line 100.


LaTeX Warning: Citation 'Xeumei10' on page 3 undefined on input line 100.


LaTeX Warning: Citation 'Kaub24' on page 3 undefined on input line 100.


LaTeX Warning: Citation 'Xeumei10' on page 3 undefined on input line 102.


LaTeX Warning: Citation 'Ando21' on page 3 undefined on input line 102.


LaTeX Warning: Citation 'Masuccia16' on page 3 undefined on input line 102.


LaTeX Warning: Citation 'Julliard15' on page 3 undefined on input line 102.


LaTeX Warning: Citation 'Holme02' on page 3 undefined on input line 102.


LaTeX Warning: Citation 'Kaub24' on page 3 undefined on input line 102.


LaTeX Warning: Citation 'Sakakibara04' on page 3 undefined on input line 102.

[3]

LaTeX Warning: Citation 'Ando20' on page 4 undefined on input line 119.


LaTeX Warning: Citation 'Porta06' on page 4 undefined on input line 121.

[4] [5]

LaTeX Warning: Citation 'Boeing17' on page 6 undefined on input line 167.

[6]

LaTeX Warning: Reference `fig:network' on page 7 undefined on input line 171.

<maps/full_network.png, id=54, 469.755pt x 346.896pt>
File: maps/full_network.png Graphic file (type png)
<use maps/full_network.png>
Package pdftex.def Info: maps/full_network.png  used on input line 177.
(pdftex.def)             Requested size: 230.18253pt x 169.98051pt.
<maps/zoomed_network.png, id=56, 469.755pt x 346.896pt>
File: maps/zoomed_network.png Graphic file (type png)
<use maps/zoomed_network.png>
Package pdftex.def Info: maps/zoomed_network.png  used on input line 182.
(pdftex.def)             Requested size: 230.18253pt x 169.98051pt.

LaTeX Warning: Citation 'Bolton20' on page 7 undefined on input line 192.

[7 <./maps/full_network.png> <./maps/zoomed_network.png>]

LaTeX Warning: Reference `fig:tracts' on page 8 undefined on input line 194.


LaTeX Warning: Reference `fig:tracts' on page 8 undefined on input line 194.

<maps/tract_home.pdf, id=66, 249.3315pt x 257.6172pt>
File: maps/tract_home.pdf Graphic file (type pdf)
<use maps/tract_home.pdf>
Package pdftex.def Info: maps/tract_home.pdf  used on input line 200.
(pdftex.def)             Requested size: 230.18253pt x 237.83224pt.
<maps/tract_work.pdf, id=67, 249.3315pt x 257.6172pt>
File: maps/tract_work.pdf Graphic file (type pdf)
<use maps/tract_work.pdf>
Package pdftex.def Info: maps/tract_work.pdf  used on input line 205.
(pdftex.def)             Requested size: 230.18253pt x 237.83224pt.
<graphs/tract_flows.pdf, id=68, 484.13527pt x 195.129pt>
File: graphs/tract_flows.pdf Graphic file (type pdf)
<use graphs/tract_flows.pdf>
Package pdftex.def Info: graphs/tract_flows.pdf  used on input line 210.
(pdftex.def)             Requested size: 469.75502pt x 189.33443pt.

Underfull \hbox (badness 3108) in paragraph at lines 198--213
[][] []
 []

[8]

LaTeX Warning: Reference `fig:cents' on page 9 undefined on input line 226.

> Step: init table outer spec.
> Step: parse table options.
> Step: split table.
> Step: init table inner spec.
> Step: parse table inner spec.
> Step: execute table commands.
> Step: calculate cell and line sizes.
<maps/eigenvector_w_bridge.png, id=77, 216.81pt x 215.3646pt>
File: maps/eigenvector_w_bridge.png Graphic file (type png)
<use maps/eigenvector_w_bridge.png>
Package pdftex.def Info: maps/eigenvector_w_bridge.png  used on input line 244.
(pdftex.def)             Requested size: 131.53082pt x 130.6591pt.
File: maps/eigenvector_w_bridge.png Graphic file (type png)
<use maps/eigenvector_w_bridge.png>
Package pdftex.def Info: maps/eigenvector_w_bridge.png  used on input line 244.
(pdftex.def)             Requested size: 131.53082pt x 130.6591pt.
<maps/eigenvector_wo_bridge.png, id=78, 216.81pt x 215.3646pt>
File: maps/eigenvector_wo_bridge.png Graphic file (type png)
<use maps/eigenvector_wo_bridge.png>
Package pdftex.def Info: maps/eigenvector_wo_bridge.png  used on input line 244.
(pdftex.def)             Requested size: 131.53082pt x 130.6591pt.
File: maps/eigenvector_wo_bridge.png Graphic file (type png)
<use maps/eigenvector_wo_bridge.png>
Package pdftex.def Info: maps/eigenvector_wo_bridge.png  used on input line 244.
(pdftex.def)             Requested size: 131.53082pt x 130.6591pt.
<maps/eigenvector_diff.png, id=79, 213.9192pt x 210.48637pt>
File: maps/eigenvector_diff.png Graphic file (type png)
<use maps/eigenvector_diff.png>
Package pdftex.def Info: maps/eigenvector_diff.png  used on input line 244.
(pdftex.def)             Requested size: 131.53082pt x 129.42746pt.
File: maps/eigenvector_diff.png Graphic file (type png)
<use maps/eigenvector_diff.png>
Package pdftex.def Info: maps/eigenvector_diff.png  used on input line 244.
(pdftex.def)             Requested size: 131.53082pt x 129.42746pt.
<maps/betweenness_w_bridge.png, id=80, 216.81pt x 215.3646pt>
File: maps/betweenness_w_bridge.png Graphic file (type png)
<use maps/betweenness_w_bridge.png>
Package pdftex.def Info: maps/betweenness_w_bridge.png  used on input line 244.
(pdftex.def)             Requested size: 131.53082pt x 130.6591pt.
File: maps/betweenness_w_bridge.png Graphic file (type png)
<use maps/betweenness_w_bridge.png>
Package pdftex.def Info: maps/betweenness_w_bridge.png  used on input line 244.
(pdftex.def)             Requested size: 131.53082pt x 130.6591pt.
<maps/betweenness_wo_bridge.png, id=81, 216.81pt x 215.3646pt>
File: maps/betweenness_wo_bridge.png Graphic file (type png)
<use maps/betweenness_wo_bridge.png>
Package pdftex.def Info: maps/betweenness_wo_bridge.png  used on input line 244.
(pdftex.def)             Requested size: 131.53082pt x 130.6591pt.
File: maps/betweenness_wo_bridge.png Graphic file (type png)
<use maps/betweenness_wo_bridge.png>
Package pdftex.def Info: maps/betweenness_wo_bridge.png  used on input line 244.
(pdftex.def)             Requested size: 131.53082pt x 130.6591pt.
<maps/betweenness_diff.png, id=82, 216.81pt x 215.3646pt>
File: maps/betweenness_diff.png Graphic file (type png)
<use maps/betweenness_diff.png>
Package pdftex.def Info: maps/betweenness_diff.png  used on input line 244.
(pdftex.def)             Requested size: 131.53082pt x 130.6591pt.
File: maps/betweenness_diff.png Graphic file (type png)
<use maps/betweenness_diff.png>
Package pdftex.def Info: maps/betweenness_diff.png  used on input line 244.
(pdftex.def)             Requested size: 131.53082pt x 130.6591pt.
<maps/closeness_w_bridge.png, id=83, 216.81pt x 227.28915pt>
File: maps/closeness_w_bridge.png Graphic file (type png)
<use maps/closeness_w_bridge.png>
Package pdftex.def Info: maps/closeness_w_bridge.png  used on input line 244.
(pdftex.def)             Requested size: 131.53082pt x 137.89359pt.
File: maps/closeness_w_bridge.png Graphic file (type png)
<use maps/closeness_w_bridge.png>
Package pdftex.def Info: maps/closeness_w_bridge.png  used on input line 244.
(pdftex.def)             Requested size: 131.53082pt x 137.89359pt.
<maps/closeness_wo_bridge.png, id=84, 216.81pt x 227.28915pt>
File: maps/closeness_wo_bridge.png Graphic file (type png)
<use maps/closeness_wo_bridge.png>
Package pdftex.def Info: maps/closeness_wo_bridge.png  used on input line 244.
(pdftex.def)             Requested size: 131.53082pt x 137.89359pt.
File: maps/closeness_wo_bridge.png Graphic file (type png)
<use maps/closeness_wo_bridge.png>
Package pdftex.def Info: maps/closeness_wo_bridge.png  used on input line 244.
(pdftex.def)             Requested size: 131.53082pt x 137.89359pt.
<maps/closeness_diff.png, id=85, 216.81pt x 227.28915pt>
File: maps/closeness_diff.png Graphic file (type png)
<use maps/closeness_diff.png>
Package pdftex.def Info: maps/closeness_diff.png  used on input line 244.
(pdftex.def)             Requested size: 131.53082pt x 137.89359pt.
File: maps/closeness_diff.png Graphic file (type png)
<use maps/closeness_diff.png>
Package pdftex.def Info: maps/closeness_diff.png  used on input line 244.
(pdftex.def)             Requested size: 131.53082pt x 137.89359pt.
<maps/straightness_w_bridge.png, id=86, 216.81pt x 215.3646pt>
File: maps/straightness_w_bridge.png Graphic file (type png)
<use maps/straightness_w_bridge.png>
Package pdftex.def Info: maps/straightness_w_bridge.png  used on input line 244.
(pdftex.def)             Requested size: 131.53082pt x 130.6591pt.
File: maps/straightness_w_bridge.png Graphic file (type png)
<use maps/straightness_w_bridge.png>
Package pdftex.def Info: maps/straightness_w_bridge.png  used on input line 244.
(pdftex.def)             Requested size: 131.53082pt x 130.6591pt.
<maps/straightness_wo_bridge.png, id=87, 216.81pt x 215.3646pt>
File: maps/straightness_wo_bridge.png Graphic file (type png)
<use maps/straightness_wo_bridge.png>
Package pdftex.def Info: maps/straightness_wo_bridge.png  used on input line 244.
(pdftex.def)             Requested size: 131.53082pt x 130.6591pt.
File: maps/straightness_wo_bridge.png Graphic file (type png)
<use maps/straightness_wo_bridge.png>
Package pdftex.def Info: maps/straightness_wo_bridge.png  used on input line 244.
(pdftex.def)             Requested size: 131.53082pt x 130.6591pt.
<maps/straightness_diff.png, id=88, 216.81pt x 215.3646pt>
File: maps/straightness_diff.png Graphic file (type png)
<use maps/straightness_diff.png>
Package pdftex.def Info: maps/straightness_diff.png  used on input line 244.
(pdftex.def)             Requested size: 131.53082pt x 130.6591pt.
File: maps/straightness_diff.png Graphic file (type png)
<use maps/straightness_diff.png>
Package pdftex.def Info: maps/straightness_diff.png  used on input line 244.
(pdftex.def)             Requested size: 131.53082pt x 130.6591pt.
File: maps/eigenvector_w_bridge.png Graphic file (type png)
<use maps/eigenvector_w_bridge.png>
Package pdftex.def Info: maps/eigenvector_w_bridge.png  used on input line 244.
(pdftex.def)             Requested size: 131.53082pt x 130.6591pt.
File: maps/eigenvector_wo_bridge.png Graphic file (type png)
<use maps/eigenvector_wo_bridge.png>
Package pdftex.def Info: maps/eigenvector_wo_bridge.png  used on input line 244.
(pdftex.def)             Requested size: 131.53082pt x 130.6591pt.
File: maps/eigenvector_diff.png Graphic file (type png)
<use maps/eigenvector_diff.png>
Package pdftex.def Info: maps/eigenvector_diff.png  used on input line 244.
(pdftex.def)             Requested size: 131.53082pt x 129.42746pt.
File: maps/betweenness_w_bridge.png Graphic file (type png)
<use maps/betweenness_w_bridge.png>
Package pdftex.def Info: maps/betweenness_w_bridge.png  used on input line 244.
(pdftex.def)             Requested size: 131.53082pt x 130.6591pt.
File: maps/betweenness_wo_bridge.png Graphic file (type png)
<use maps/betweenness_wo_bridge.png>
Package pdftex.def Info: maps/betweenness_wo_bridge.png  used on input line 244.
(pdftex.def)             Requested size: 131.53082pt x 130.6591pt.
File: maps/betweenness_diff.png Graphic file (type png)
<use maps/betweenness_diff.png>
Package pdftex.def Info: maps/betweenness_diff.png  used on input line 244.
(pdftex.def)             Requested size: 131.53082pt x 130.6591pt.
File: maps/closeness_w_bridge.png Graphic file (type png)
<use maps/closeness_w_bridge.png>
Package pdftex.def Info: maps/closeness_w_bridge.png  used on input line 244.
(pdftex.def)             Requested size: 131.53082pt x 137.89359pt.
File: maps/closeness_wo_bridge.png Graphic file (type png)
<use maps/closeness_wo_bridge.png>
Package pdftex.def Info: maps/closeness_wo_bridge.png  used on input line 244.
(pdftex.def)             Requested size: 131.53082pt x 137.89359pt.
File: maps/closeness_diff.png Graphic file (type png)
<use maps/closeness_diff.png>
Package pdftex.def Info: maps/closeness_diff.png  used on input line 244.
(pdftex.def)             Requested size: 131.53082pt x 137.89359pt.
File: maps/straightness_w_bridge.png Graphic file (type png)
<use maps/straightness_w_bridge.png>
Package pdftex.def Info: maps/straightness_w_bridge.png  used on input line 244.
(pdftex.def)             Requested size: 131.53082pt x 130.6591pt.
File: maps/straightness_wo_bridge.png Graphic file (type png)
<use maps/straightness_wo_bridge.png>
Package pdftex.def Info: maps/straightness_wo_bridge.png  used on input line 244.
(pdftex.def)             Requested size: 131.53082pt x 130.6591pt.
File: maps/straightness_diff.png Graphic file (type png)
<use maps/straightness_diff.png>
Package pdftex.def Info: maps/straightness_diff.png  used on input line 244.
(pdftex.def)             Requested size: 131.53082pt x 130.6591pt.
> Step: build the whole table.
File: maps/eigenvector_w_bridge.png Graphic file (type png)
<use maps/eigenvector_w_bridge.png>
Package pdftex.def Info: maps/eigenvector_w_bridge.png  used on input line 244.
(pdftex.def)             Requested size: 131.53082pt x 130.6591pt.
File: maps/eigenvector_wo_bridge.png Graphic file (type png)
<use maps/eigenvector_wo_bridge.png>
Package pdftex.def Info: maps/eigenvector_wo_bridge.png  used on input line 244.
(pdftex.def)             Requested size: 131.53082pt x 130.6591pt.
File: maps/eigenvector_diff.png Graphic file (type png)
<use maps/eigenvector_diff.png>
Package pdftex.def Info: maps/eigenvector_diff.png  used on input line 244.
(pdftex.def)             Requested size: 131.53082pt x 129.42746pt.
File: maps/betweenness_w_bridge.png Graphic file (type png)
<use maps/betweenness_w_bridge.png>
Package pdftex.def Info: maps/betweenness_w_bridge.png  used on input line 244.
(pdftex.def)             Requested size: 131.53082pt x 130.6591pt.
File: maps/betweenness_wo_bridge.png Graphic file (type png)
<use maps/betweenness_wo_bridge.png>
Package pdftex.def Info: maps/betweenness_wo_bridge.png  used on input line 244.
(pdftex.def)             Requested size: 131.53082pt x 130.6591pt.
File: maps/betweenness_diff.png Graphic file (type png)
<use maps/betweenness_diff.png>
Package pdftex.def Info: maps/betweenness_diff.png  used on input line 244.
(pdftex.def)             Requested size: 131.53082pt x 130.6591pt.
File: maps/closeness_w_bridge.png Graphic file (type png)
<use maps/closeness_w_bridge.png>
Package pdftex.def Info: maps/closeness_w_bridge.png  used on input line 244.
(pdftex.def)             Requested size: 131.53082pt x 137.89359pt.
File: maps/closeness_wo_bridge.png Graphic file (type png)
<use maps/closeness_wo_bridge.png>
Package pdftex.def Info: maps/closeness_wo_bridge.png  used on input line 244.
(pdftex.def)             Requested size: 131.53082pt x 137.89359pt.
File: maps/closeness_diff.png Graphic file (type png)
<use maps/closeness_diff.png>
Package pdftex.def Info: maps/closeness_diff.png  used on input line 244.
(pdftex.def)             Requested size: 131.53082pt x 137.89359pt.
File: maps/straightness_w_bridge.png Graphic file (type png)
<use maps/straightness_w_bridge.png>
Package pdftex.def Info: maps/straightness_w_bridge.png  used on input line 244.
(pdftex.def)             Requested size: 131.53082pt x 130.6591pt.
File: maps/straightness_wo_bridge.png Graphic file (type png)
<use maps/straightness_wo_bridge.png>
Package pdftex.def Info: maps/straightness_wo_bridge.png  used on input line 244.
(pdftex.def)             Requested size: 131.53082pt x 130.6591pt.
File: maps/straightness_diff.png Graphic file (type png)
<use maps/straightness_diff.png>
Package pdftex.def Info: maps/straightness_diff.png  used on input line 244.
(pdftex.def)             Requested size: 131.53082pt x 130.6591pt.

LaTeX Warning: Reference `fig:tracts' on page 9 undefined on input line 249.


LaTeX Warning: Citation 'Jayaweera17' on page 9 undefined on input line 249.

[9 <./maps/tract_home.pdf> <./maps/tract_work.pdf> <./graphs/tract_flows.pdf>]

LaTeX Warning: Text page 10 contains only floats.

[10 <./maps/eigenvector_w_bridge.png> <./maps/eigenvector_wo_bridge.png> <./maps/eigenvector_diff.png> <./maps/betweenness_w_bridge.png> <./maps/betweenness_wo_bridge.png> <./maps/betweenness_diff.png> <./maps/closeness_w_bridge.png> <./maps/closeness_wo_bridge.png> <./maps/closeness_diff.png> <./maps/straightness_w_bridge.png> <./maps/straightness_wo_bridge.png> <./maps/straightness_diff.png>]

LaTeX Warning: Citation 'Porta06' on page 11 undefined on input line 253.

[11]

LaTeX Warning: Citation 'Porta06' on page 12 undefined on input line 261.


LaTeX Warning: Citation 'Wang11' on page 12 undefined on input line 261.


LaTeX Warning: Reference `fig:spaths' on page 12 undefined on input line 269.

[12]
<maps/no_changed_paths.png, id=151, 233.25142pt x 242.8272pt>
File: maps/no_changed_paths.png Graphic file (type png)
<use maps/no_changed_paths.png>
Package pdftex.def Info: maps/no_changed_paths.png  used on input line 275.
(pdftex.def)             Requested size: 230.18253pt x 239.63268pt.
<maps/dist_changed_paths.png, id=152, 234.8775pt x 245.35664pt>
File: maps/dist_changed_paths.png Graphic file (type png)
<use maps/dist_changed_paths.png>
Package pdftex.def Info: maps/dist_changed_paths.png  used on input line 280.
(pdftex.def)             Requested size: 230.18253pt x 240.4516pt.
<graphs/path_dists.pdf, id=153, 479.20898pt x 193.88863pt>
File: graphs/path_dists.pdf Graphic file (type pdf)
<use graphs/path_dists.pdf>
Package pdftex.def Info: graphs/path_dists.pdf  used on input line 285.
(pdftex.def)             Requested size: 469.75502pt x 190.06871pt.

Underfull \hbox (badness 3108) in paragraph at lines 273--288
[][] []
 []

[13 <./maps/no_changed_paths.png> <./maps/dist_changed_paths.png> <./graphs/path_dists.pdf>]

LaTeX Warning: Reference `tab:spaths' on page 14 undefined on input line 296.


LaTeX Warning: Reference `fig:use_cents' on page 14 undefined on input line 315.

> Step: init table outer spec.
> Step: parse table options.
> Step: split table.
> Step: init table inner spec.
> Step: parse table inner spec.
> Step: execute table commands.
> Step: calculate cell and line sizes.
<maps/use_betweenness_w_bridge.png, id=169, 216.81pt x 215.3646pt>
File: maps/use_betweenness_w_bridge.png Graphic file (type png)
<use maps/use_betweenness_w_bridge.png>
Package pdftex.def Info: maps/use_betweenness_w_bridge.png  used on input line 329.
(pdftex.def)             Requested size: 131.53082pt x 130.6591pt.
File: maps/use_betweenness_w_bridge.png Graphic file (type png)
<use maps/use_betweenness_w_bridge.png>
Package pdftex.def Info: maps/use_betweenness_w_bridge.png  used on input line 329.
(pdftex.def)             Requested size: 131.53082pt x 130.6591pt.
<maps/use_betweenness_wo_bridge.png, id=170, 216.81pt x 215.3646pt>
File: maps/use_betweenness_wo_bridge.png Graphic file (type png)
<use maps/use_betweenness_wo_bridge.png>
Package pdftex.def Info: maps/use_betweenness_wo_bridge.png  used on input line 329.
(pdftex.def)             Requested size: 131.53082pt x 130.6591pt.
File: maps/use_betweenness_wo_bridge.png Graphic file (type png)
<use maps/use_betweenness_wo_bridge.png>
Package pdftex.def Info: maps/use_betweenness_wo_bridge.png  used on input line 329.
(pdftex.def)             Requested size: 131.53082pt x 130.6591pt.
<maps/use_betweenness_diff.png, id=171, 216.81pt x 215.3646pt>
File: maps/use_betweenness_diff.png Graphic file (type png)
<use maps/use_betweenness_diff.png>
Package pdftex.def Info: maps/use_betweenness_diff.png  used on input line 329.
(pdftex.def)             Requested size: 131.53082pt x 130.6591pt.
File: maps/use_betweenness_diff.png Graphic file (type png)
<use maps/use_betweenness_diff.png>
Package pdftex.def Info: maps/use_betweenness_diff.png  used on input line 329.
(pdftex.def)             Requested size: 131.53082pt x 130.6591pt.
<maps/use_closeness_w_bridge.pdf, id=172, 216.81pt x 226.42303pt>
File: maps/use_closeness_w_bridge.pdf Graphic file (type pdf)
<use maps/use_closeness_w_bridge.pdf>
Package pdftex.def Info: maps/use_closeness_w_bridge.pdf  used on input line 329.
(pdftex.def)             Requested size: 131.53082pt x 137.36812pt.
File: maps/use_closeness_w_bridge.pdf Graphic file (type pdf)
<use maps/use_closeness_w_bridge.pdf>
Package pdftex.def Info: maps/use_closeness_w_bridge.pdf  used on input line 329.
(pdftex.def)             Requested size: 131.53082pt x 137.36812pt.
<maps/use_closeness_wo_bridge.pdf, id=173, 216.81pt x 226.42303pt>
File: maps/use_closeness_wo_bridge.pdf Graphic file (type pdf)
<use maps/use_closeness_wo_bridge.pdf>
Package pdftex.def Info: maps/use_closeness_wo_bridge.pdf  used on input line 329.
(pdftex.def)             Requested size: 131.53082pt x 137.36812pt.
File: maps/use_closeness_wo_bridge.pdf Graphic file (type pdf)
<use maps/use_closeness_wo_bridge.pdf>
Package pdftex.def Info: maps/use_closeness_wo_bridge.pdf  used on input line 329.
(pdftex.def)             Requested size: 131.53082pt x 137.36812pt.
<maps/use_closeness_diff.pdf, id=174, 216.81pt x 226.42303pt>
File: maps/use_closeness_diff.pdf Graphic file (type pdf)
<use maps/use_closeness_diff.pdf>
Package pdftex.def Info: maps/use_closeness_diff.pdf  used on input line 329.
(pdftex.def)             Requested size: 131.53082pt x 137.36812pt.
File: maps/use_closeness_diff.pdf Graphic file (type pdf)
<use maps/use_closeness_diff.pdf>
Package pdftex.def Info: maps/use_closeness_diff.pdf  used on input line 329.
(pdftex.def)             Requested size: 131.53082pt x 137.36812pt.
<maps/use_straightness_w_bridge.pdf, id=175, 216.81pt x 214.43842pt>
File: maps/use_straightness_w_bridge.pdf Graphic file (type pdf)
<use maps/use_straightness_w_bridge.pdf>
Package pdftex.def Info: maps/use_straightness_w_bridge.pdf  used on input line 329.
(pdftex.def)             Requested size: 131.53082pt x 130.0972pt.
File: maps/use_straightness_w_bridge.pdf Graphic file (type pdf)
<use maps/use_straightness_w_bridge.pdf>
Package pdftex.def Info: maps/use_straightness_w_bridge.pdf  used on input line 329.
(pdftex.def)             Requested size: 131.53082pt x 130.0972pt.
<maps/use_straightness_wo_bridge.pdf, id=176, 216.81pt x 214.43842pt>
File: maps/use_straightness_wo_bridge.pdf Graphic file (type pdf)
<use maps/use_straightness_wo_bridge.pdf>
Package pdftex.def Info: maps/use_straightness_wo_bridge.pdf  used on input line 329.
(pdftex.def)             Requested size: 131.53082pt x 130.0972pt.
File: maps/use_straightness_wo_bridge.pdf Graphic file (type pdf)
<use maps/use_straightness_wo_bridge.pdf>
Package pdftex.def Info: maps/use_straightness_wo_bridge.pdf  used on input line 329.
(pdftex.def)             Requested size: 131.53082pt x 130.0972pt.
<maps/use_straightness_diff.pdf, id=177, 214.52028pt x 211.82237pt>
File: maps/use_straightness_diff.pdf Graphic file (type pdf)
<use maps/use_straightness_diff.pdf>
Package pdftex.def Info: maps/use_straightness_diff.pdf  used on input line 329.
(pdftex.def)             Requested size: 131.53082pt x 129.87726pt.
File: maps/use_straightness_diff.pdf Graphic file (type pdf)
<use maps/use_straightness_diff.pdf>
Package pdftex.def Info: maps/use_straightness_diff.pdf  used on input line 329.
(pdftex.def)             Requested size: 131.53082pt x 129.87726pt.
File: maps/use_betweenness_w_bridge.png Graphic file (type png)
<use maps/use_betweenness_w_bridge.png>
Package pdftex.def Info: maps/use_betweenness_w_bridge.png  used on input line 329.
(pdftex.def)             Requested size: 131.53082pt x 130.6591pt.
File: maps/use_betweenness_wo_bridge.png Graphic file (type png)
<use maps/use_betweenness_wo_bridge.png>
Package pdftex.def Info: maps/use_betweenness_wo_bridge.png  used on input line 329.
(pdftex.def)             Requested size: 131.53082pt x 130.6591pt.
File: maps/use_betweenness_diff.png Graphic file (type png)
<use maps/use_betweenness_diff.png>
Package pdftex.def Info: maps/use_betweenness_diff.png  used on input line 329.
(pdftex.def)             Requested size: 131.53082pt x 130.6591pt.
File: maps/use_closeness_w_bridge.pdf Graphic file (type pdf)
<use maps/use_closeness_w_bridge.pdf>
Package pdftex.def Info: maps/use_closeness_w_bridge.pdf  used on input line 329.
(pdftex.def)             Requested size: 131.53082pt x 137.36812pt.
File: maps/use_closeness_wo_bridge.pdf Graphic file (type pdf)
<use maps/use_closeness_wo_bridge.pdf>
Package pdftex.def Info: maps/use_closeness_wo_bridge.pdf  used on input line 329.
(pdftex.def)             Requested size: 131.53082pt x 137.36812pt.
File: maps/use_closeness_diff.pdf Graphic file (type pdf)
<use maps/use_closeness_diff.pdf>
Package pdftex.def Info: maps/use_closeness_diff.pdf  used on input line 329.
(pdftex.def)             Requested size: 131.53082pt x 137.36812pt.
File: maps/use_straightness_w_bridge.pdf Graphic file (type pdf)
<use maps/use_straightness_w_bridge.pdf>
Package pdftex.def Info: maps/use_straightness_w_bridge.pdf  used on input line 329.
(pdftex.def)             Requested size: 131.53082pt x 130.0972pt.
File: maps/use_straightness_wo_bridge.pdf Graphic file (type pdf)
<use maps/use_straightness_wo_bridge.pdf>
Package pdftex.def Info: maps/use_straightness_wo_bridge.pdf  used on input line 329.
(pdftex.def)             Requested size: 131.53082pt x 130.0972pt.
File: maps/use_straightness_diff.pdf Graphic file (type pdf)
<use maps/use_straightness_diff.pdf>
Package pdftex.def Info: maps/use_straightness_diff.pdf  used on input line 329.
(pdftex.def)             Requested size: 131.53082pt x 129.87726pt.
> Step: build the whole table.
File: maps/use_betweenness_w_bridge.png Graphic file (type png)
<use maps/use_betweenness_w_bridge.png>
Package pdftex.def Info: maps/use_betweenness_w_bridge.png  used on input line 329.
(pdftex.def)             Requested size: 131.53082pt x 130.6591pt.
File: maps/use_betweenness_wo_bridge.png Graphic file (type png)
<use maps/use_betweenness_wo_bridge.png>
Package pdftex.def Info: maps/use_betweenness_wo_bridge.png  used on input line 329.
(pdftex.def)             Requested size: 131.53082pt x 130.6591pt.
File: maps/use_betweenness_diff.png Graphic file (type png)
<use maps/use_betweenness_diff.png>
Package pdftex.def Info: maps/use_betweenness_diff.png  used on input line 329.
(pdftex.def)             Requested size: 131.53082pt x 130.6591pt.
File: maps/use_closeness_w_bridge.pdf Graphic file (type pdf)
<use maps/use_closeness_w_bridge.pdf>
Package pdftex.def Info: maps/use_closeness_w_bridge.pdf  used on input line 329.
(pdftex.def)             Requested size: 131.53082pt x 137.36812pt.
File: maps/use_closeness_wo_bridge.pdf Graphic file (type pdf)
<use maps/use_closeness_wo_bridge.pdf>
Package pdftex.def Info: maps/use_closeness_wo_bridge.pdf  used on input line 329.
(pdftex.def)             Requested size: 131.53082pt x 137.36812pt.
File: maps/use_closeness_diff.pdf Graphic file (type pdf)
<use maps/use_closeness_diff.pdf>
Package pdftex.def Info: maps/use_closeness_diff.pdf  used on input line 329.
(pdftex.def)             Requested size: 131.53082pt x 137.36812pt.
File: maps/use_straightness_w_bridge.pdf Graphic file (type pdf)
<use maps/use_straightness_w_bridge.pdf>
Package pdftex.def Info: maps/use_straightness_w_bridge.pdf  used on input line 329.
(pdftex.def)             Requested size: 131.53082pt x 130.0972pt.
File: maps/use_straightness_wo_bridge.pdf Graphic file (type pdf)
<use maps/use_straightness_wo_bridge.pdf>
Package pdftex.def Info: maps/use_straightness_wo_bridge.pdf  used on input line 329.
(pdftex.def)             Requested size: 131.53082pt x 130.0972pt.
File: maps/use_straightness_diff.pdf Graphic file (type pdf)
<use maps/use_straightness_diff.pdf>
Package pdftex.def Info: maps/use_straightness_diff.pdf  used on input line 329.
(pdftex.def)             Requested size: 131.53082pt x 129.87726pt.
[14]

LaTeX Warning: Reference `fig:cents' on page 15 undefined on input line 336.

[15 <./maps/use_betweenness_w_bridge.png> <./maps/use_betweenness_wo_bridge.png> <./maps/use_betweenness_diff.png> <./maps/use_closeness_w_bridge.pdf> <./maps/use_closeness_wo_bridge.pdf> <./maps/use_closeness_diff.pdf> <./maps/use_straightness_w_bridge.pdf> <./maps/use_straightness_wo_bridge.pdf> <./maps/use_straightness_diff.pdf>]

LaTeX Warning: Reference `fig:cents' on page 16 undefined on input line 340.


LaTeX Warning: Reference `fig:cents' on page 16 undefined on input line 342.


LaTeX Warning: Reference `fig:cents' on page 16 undefined on input line 344.

[16]

LaTeX Warning: Citation 'Domen24' on page 17 undefined on input line 353.


LaTeX Warning: Citation 'Xeumei10' on page 17 undefined on input line 358.

[17] [18]

LaTeX Warning: Empty bibliography on input line 375.

(./gavin_netsci.aux)

LaTeX Warning: There were undefined references.


LaTeX Warning: Label(s) may have changed. Rerun to get cross-references right.


Package rerunfilecheck Warning: File `gavin_netsci.out' has changed.
(rerunfilecheck)                Rerun to get outlines right
(rerunfilecheck)                or use package `bookmark'.

Package rerunfilecheck Info: Checksums for `gavin_netsci.out':
(rerunfilecheck)             Before: <no file>
(rerunfilecheck)             After:  A44D3D6C9466FDCD57A0D6FB32325A76;1366.

Package biblatex Warning: Please (re)run Biber on the file:
(biblatex)                gavin_netsci
(biblatex)                and rerun LaTeX afterwards.

Package logreq Info: Writing requests to 'gavin_netsci.run.xml'.
\openout1 = `gavin_netsci.run.xml'.

 ) 
Here is how much of TeX's memory you used:
 51497 strings out of 476025
 1160966 string characters out of 5790017
 2459392 words of memory out of 5000000
 71122 multiletter control sequences out of 15000+600000
 528047 words of font info for 93 fonts, out of 8000000 for 9000
 1141 hyphenation exceptions out of 8191
 108i,13n,106p,1491b,4037s stack positions out of 10000i,1000n,20000p,200000b,200000s

pdfTeX warning (dest): name{Hfootnote.2} has been referenced but does not exist, replaced by a fixed one


pdfTeX warning (dest): name{Hfootnote.1} has been referenced but does not exist, replaced by a fixed one

</usr/local/texlive/2023/texmf-dist/fonts/type1/public/amsfonts/cm/cmbx10.pfb></usr/local/texlive/2023/texmf-dist/fonts/type1/public/amsfonts/cm/cmbx12.pfb></usr/local/texlive/2023/texmf-dist/fonts/type1/public/amsfonts/cm/cmbx9.pfb></usr/local/texlive/2023/texmf-dist/fonts/type1/public/amsfonts/cm/cmex10.pfb></usr/local/texlive/2023/texmf-dist/fonts/type1/public/amsfonts/cm/cmmi10.pfb></usr/local/texlive/2023/texmf-dist/fonts/type1/public/amsfonts/cm/cmmi6.pfb></usr/local/texlive/2023/texmf-dist/fonts/type1/public/amsfonts/cm/cmmi8.pfb></usr/local/texlive/2023/texmf-dist/fonts/type1/public/amsfonts/cm/cmmi9.pfb></usr/local/texlive/2023/texmf-dist/fonts/type1/public/amsfonts/cm/cmr10.pfb></usr/local/texlive/2023/texmf-dist/fonts/type1/public/amsfonts/cm/cmr12.pfb></usr/local/texlive/2023/texmf-dist/fonts/type1/public/amsfonts/cm/cmr17.pfb></usr/local/texlive/2023/texmf-dist/fonts/type1/public/amsfonts/cm/cmr6.pfb></usr/local/texlive/2023/texmf-dist/fonts/type1/public/amsfonts/cm/cmr7.pfb></usr/local/texlive/2023/texmf-dist/fonts/type1/public/amsfonts/cm/cmr8.pfb></usr/local/texlive/2023/texmf-dist/fonts/type1/public/amsfonts/cm/cmr9.pfb></usr/local/texlive/2023/texmf-dist/fonts/type1/public/amsfonts/cm/cmsy10.pfb></usr/local/texlive/2023/texmf-dist/fonts/type1/public/amsfonts/cm/cmsy7.pfb></usr/local/texlive/2023/texmf-dist/fonts/type1/public/amsfonts/cm/cmsy8.pfb></usr/local/texlive/2023/texmf-dist/fonts/type1/public/amsfonts/cm/cmsy9.pfb></usr/local/texlive/2023/texmf-dist/fonts/type1/public/amsfonts/cm/cmti9.pfb></usr/local/texlive/2023/texmf-dist/fonts/type1/public/cm-super/sfrm1095.pfb>
Output written on gavin_netsci.pdf (18 pages, 41810660 bytes).
PDF statistics:
 387 PDF objects out of 1000 (max. 8388607)
 268 compressed objects within 3 object streams
 39 named destinations out of 1000 (max. 500000)
 158 words of extra memory for PDF output out of 10000 (max. 10000000)

